{"D:\\dev\\tests\\puppeteer-test\\.nyc_output\\js\\gokce.van.sit1.vcilabs.com\\s\\ruxitagentjs_ICA2SVfjqru_10223210811140219.js": {"path":"D:\\dev\\tests\\puppeteer-test\\.nyc_output\\js\\gokce.van.sit1.vcilabs.com\\s\\ruxitagentjs_ICA2SVfjqru_10223210811140219.js","statementMap":{"0":{"start":{"line":1,"column":0},"end":{"line":1,"column":2}},"1":{"start":{"line":2,"column":0},"end":{"line":2,"column":95}},"2":{"start":{"line":3,"column":0},"end":{"line":3,"column":569}},"3":{"start":{"line":4,"column":0},"end":{"line":4,"column":235}},"4":{"start":{"line":5,"column":0},"end":{"line":5,"column":2}},"5":{"start":{"line":6,"column":0},"end":{"line":6,"column":95}},"6":{"start":{"line":7,"column":0},"end":{"line":7,"column":504}},"7":{"start":{"line":8,"column":0},"end":{"line":8,"column":502}},"8":{"start":{"line":9,"column":0},"end":{"line":9,"column":504}},"9":{"start":{"line":10,"column":0},"end":{"line":10,"column":501}},"10":{"start":{"line":11,"column":0},"end":{"line":11,"column":516}},"11":{"start":{"line":12,"column":0},"end":{"line":12,"column":501}},"12":{"start":{"line":13,"column":0},"end":{"line":13,"column":501}},"13":{"start":{"line":14,"column":0},"end":{"line":14,"column":545}},"14":{"start":{"line":15,"column":0},"end":{"line":15,"column":507}},"15":{"start":{"line":16,"column":0},"end":{"line":16,"column":506}},"16":{"start":{"line":17,"column":0},"end":{"line":17,"column":515}},"17":{"start":{"line":18,"column":0},"end":{"line":18,"column":501}},"18":{"start":{"line":19,"column":0},"end":{"line":19,"column":516}},"19":{"start":{"line":20,"column":0},"end":{"line":20,"column":503}},"20":{"start":{"line":21,"column":0},"end":{"line":21,"column":501}},"21":{"start":{"line":22,"column":0},"end":{"line":22,"column":506}},"22":{"start":{"line":23,"column":0},"end":{"line":23,"column":502}},"23":{"start":{"line":24,"column":0},"end":{"line":24,"column":504}},"24":{"start":{"line":25,"column":0},"end":{"line":25,"column":530}},"25":{"start":{"line":26,"column":0},"end":{"line":26,"column":558}},"26":{"start":{"line":27,"column":0},"end":{"line":27,"column":502}},"27":{"start":{"line":28,"column":0},"end":{"line":28,"column":505}},"28":{"start":{"line":29,"column":0},"end":{"line":29,"column":515}},"29":{"start":{"line":30,"column":0},"end":{"line":30,"column":506}},"30":{"start":{"line":31,"column":0},"end":{"line":31,"column":501}},"31":{"start":{"line":32,"column":0},"end":{"line":32,"column":501}},"32":{"start":{"line":33,"column":0},"end":{"line":33,"column":511}},"33":{"start":{"line":34,"column":0},"end":{"line":34,"column":503}},"34":{"start":{"line":35,"column":0},"end":{"line":35,"column":504}},"35":{"start":{"line":36,"column":0},"end":{"line":36,"column":508}},"36":{"start":{"line":37,"column":0},"end":{"line":37,"column":506}},"37":{"start":{"line":38,"column":0},"end":{"line":38,"column":508}},"38":{"start":{"line":39,"column":0},"end":{"line":39,"column":505}},"39":{"start":{"line":40,"column":0},"end":{"line":40,"column":511}},"40":{"start":{"line":41,"column":0},"end":{"line":41,"column":516}},"41":{"start":{"line":42,"column":0},"end":{"line":42,"column":501}},"42":{"start":{"line":43,"column":0},"end":{"line":43,"column":516}},"43":{"start":{"line":44,"column":0},"end":{"line":44,"column":526}},"44":{"start":{"line":45,"column":0},"end":{"line":45,"column":514}},"45":{"start":{"line":46,"column":0},"end":{"line":46,"column":511}},"46":{"start":{"line":47,"column":0},"end":{"line":47,"column":506}},"47":{"start":{"line":48,"column":0},"end":{"line":48,"column":505}},"48":{"start":{"line":49,"column":0},"end":{"line":49,"column":514}},"49":{"start":{"line":50,"column":0},"end":{"line":50,"column":510}},"50":{"start":{"line":51,"column":0},"end":{"line":51,"column":506}},"51":{"start":{"line":52,"column":0},"end":{"line":52,"column":603}},"52":{"start":{"line":53,"column":0},"end":{"line":53,"column":515}},"53":{"start":{"line":54,"column":0},"end":{"line":54,"column":502}},"54":{"start":{"line":55,"column":0},"end":{"line":55,"column":545}},"55":{"start":{"line":56,"column":0},"end":{"line":56,"column":503}},"56":{"start":{"line":57,"column":0},"end":{"line":57,"column":504}},"57":{"start":{"line":58,"column":0},"end":{"line":58,"column":506}},"58":{"start":{"line":59,"column":0},"end":{"line":59,"column":501}},"59":{"start":{"line":60,"column":0},"end":{"line":60,"column":508}},"60":{"start":{"line":61,"column":0},"end":{"line":61,"column":515}},"61":{"start":{"line":62,"column":0},"end":{"line":62,"column":503}},"62":{"start":{"line":63,"column":0},"end":{"line":63,"column":504}},"63":{"start":{"line":64,"column":0},"end":{"line":64,"column":501}},"64":{"start":{"line":65,"column":0},"end":{"line":65,"column":501}},"65":{"start":{"line":66,"column":0},"end":{"line":66,"column":511}},"66":{"start":{"line":67,"column":0},"end":{"line":67,"column":557}},"67":{"start":{"line":68,"column":0},"end":{"line":68,"column":217}},"68":{"start":{"line":69,"column":0},"end":{"line":69,"column":2}},"69":{"start":{"line":70,"column":0},"end":{"line":70,"column":95}},"70":{"start":{"line":71,"column":0},"end":{"line":71,"column":513}},"71":{"start":{"line":72,"column":0},"end":{"line":72,"column":512}},"72":{"start":{"line":73,"column":0},"end":{"line":73,"column":510}},"73":{"start":{"line":74,"column":0},"end":{"line":74,"column":503}},"74":{"start":{"line":75,"column":0},"end":{"line":75,"column":503}},"75":{"start":{"line":76,"column":0},"end":{"line":76,"column":503}},"76":{"start":{"line":77,"column":0},"end":{"line":77,"column":504}},"77":{"start":{"line":78,"column":0},"end":{"line":78,"column":527}},"78":{"start":{"line":79,"column":0},"end":{"line":79,"column":509}},"79":{"start":{"line":80,"column":0},"end":{"line":80,"column":526}},"80":{"start":{"line":81,"column":0},"end":{"line":81,"column":509}},"81":{"start":{"line":82,"column":0},"end":{"line":82,"column":501}},"82":{"start":{"line":83,"column":0},"end":{"line":83,"column":501}},"83":{"start":{"line":84,"column":0},"end":{"line":84,"column":508}},"84":{"start":{"line":85,"column":0},"end":{"line":85,"column":503}},"85":{"start":{"line":86,"column":0},"end":{"line":86,"column":514}},"86":{"start":{"line":87,"column":0},"end":{"line":87,"column":524}},"87":{"start":{"line":88,"column":0},"end":{"line":88,"column":519}},"88":{"start":{"line":89,"column":0},"end":{"line":89,"column":501}},"89":{"start":{"line":90,"column":0},"end":{"line":90,"column":608}},"90":{"start":{"line":91,"column":0},"end":{"line":91,"column":1626}},"91":{"start":{"line":92,"column":0},"end":{"line":92,"column":501}},"92":{"start":{"line":93,"column":0},"end":{"line":93,"column":517}},"93":{"start":{"line":94,"column":0},"end":{"line":94,"column":519}},"94":{"start":{"line":95,"column":0},"end":{"line":95,"column":525}},"95":{"start":{"line":96,"column":0},"end":{"line":96,"column":513}},"96":{"start":{"line":97,"column":0},"end":{"line":97,"column":507}},"97":{"start":{"line":98,"column":0},"end":{"line":98,"column":506}},"98":{"start":{"line":99,"column":0},"end":{"line":99,"column":501}},"99":{"start":{"line":100,"column":0},"end":{"line":100,"column":506}},"100":{"start":{"line":101,"column":0},"end":{"line":101,"column":542}},"101":{"start":{"line":102,"column":0},"end":{"line":102,"column":509}},"102":{"start":{"line":103,"column":0},"end":{"line":103,"column":501}},"103":{"start":{"line":104,"column":0},"end":{"line":104,"column":502}},"104":{"start":{"line":105,"column":0},"end":{"line":105,"column":502}},"105":{"start":{"line":106,"column":0},"end":{"line":106,"column":506}},"106":{"start":{"line":107,"column":0},"end":{"line":107,"column":502}},"107":{"start":{"line":108,"column":0},"end":{"line":108,"column":507}},"108":{"start":{"line":109,"column":0},"end":{"line":109,"column":521}},"109":{"start":{"line":110,"column":0},"end":{"line":110,"column":508}},"110":{"start":{"line":111,"column":0},"end":{"line":111,"column":501}},"111":{"start":{"line":112,"column":0},"end":{"line":112,"column":502}},"112":{"start":{"line":113,"column":0},"end":{"line":113,"column":529}},"113":{"start":{"line":114,"column":0},"end":{"line":114,"column":512}},"114":{"start":{"line":115,"column":0},"end":{"line":115,"column":509}},"115":{"start":{"line":116,"column":0},"end":{"line":116,"column":502}},"116":{"start":{"line":117,"column":0},"end":{"line":117,"column":508}},"117":{"start":{"line":118,"column":0},"end":{"line":118,"column":514}},"118":{"start":{"line":119,"column":0},"end":{"line":119,"column":542}},"119":{"start":{"line":120,"column":0},"end":{"line":120,"column":520}},"120":{"start":{"line":121,"column":0},"end":{"line":121,"column":501}},"121":{"start":{"line":122,"column":0},"end":{"line":122,"column":503}},"122":{"start":{"line":123,"column":0},"end":{"line":123,"column":503}},"123":{"start":{"line":124,"column":0},"end":{"line":124,"column":512}},"124":{"start":{"line":125,"column":0},"end":{"line":125,"column":507}},"125":{"start":{"line":126,"column":0},"end":{"line":126,"column":505}},"126":{"start":{"line":127,"column":0},"end":{"line":127,"column":505}},"127":{"start":{"line":128,"column":0},"end":{"line":128,"column":511}},"128":{"start":{"line":129,"column":0},"end":{"line":129,"column":502}},"129":{"start":{"line":130,"column":0},"end":{"line":130,"column":501}},"130":{"start":{"line":131,"column":0},"end":{"line":131,"column":510}},"131":{"start":{"line":132,"column":0},"end":{"line":132,"column":509}},"132":{"start":{"line":133,"column":0},"end":{"line":133,"column":510}},"133":{"start":{"line":134,"column":0},"end":{"line":134,"column":506}},"134":{"start":{"line":135,"column":0},"end":{"line":135,"column":505}},"135":{"start":{"line":136,"column":0},"end":{"line":136,"column":503}},"136":{"start":{"line":137,"column":0},"end":{"line":137,"column":507}},"137":{"start":{"line":138,"column":0},"end":{"line":138,"column":512}},"138":{"start":{"line":139,"column":0},"end":{"line":139,"column":505}},"139":{"start":{"line":140,"column":0},"end":{"line":140,"column":503}},"140":{"start":{"line":141,"column":0},"end":{"line":141,"column":501}},"141":{"start":{"line":142,"column":0},"end":{"line":142,"column":505}},"142":{"start":{"line":143,"column":0},"end":{"line":143,"column":509}},"143":{"start":{"line":144,"column":0},"end":{"line":144,"column":502}},"144":{"start":{"line":145,"column":0},"end":{"line":145,"column":502}},"145":{"start":{"line":146,"column":0},"end":{"line":146,"column":501}},"146":{"start":{"line":147,"column":0},"end":{"line":147,"column":507}},"147":{"start":{"line":148,"column":0},"end":{"line":148,"column":504}},"148":{"start":{"line":149,"column":0},"end":{"line":149,"column":505}},"149":{"start":{"line":150,"column":0},"end":{"line":150,"column":501}},"150":{"start":{"line":151,"column":0},"end":{"line":151,"column":501}},"151":{"start":{"line":152,"column":0},"end":{"line":152,"column":502}},"152":{"start":{"line":153,"column":0},"end":{"line":153,"column":501}},"153":{"start":{"line":154,"column":0},"end":{"line":154,"column":504}},"154":{"start":{"line":155,"column":0},"end":{"line":155,"column":540}},"155":{"start":{"line":156,"column":0},"end":{"line":156,"column":501}},"156":{"start":{"line":157,"column":0},"end":{"line":157,"column":511}},"157":{"start":{"line":158,"column":0},"end":{"line":158,"column":504}},"158":{"start":{"line":159,"column":0},"end":{"line":159,"column":501}},"159":{"start":{"line":160,"column":0},"end":{"line":160,"column":506}},"160":{"start":{"line":161,"column":0},"end":{"line":161,"column":504}},"161":{"start":{"line":162,"column":0},"end":{"line":162,"column":521}},"162":{"start":{"line":163,"column":0},"end":{"line":163,"column":502}},"163":{"start":{"line":164,"column":0},"end":{"line":164,"column":509}},"164":{"start":{"line":165,"column":0},"end":{"line":165,"column":505}},"165":{"start":{"line":166,"column":0},"end":{"line":166,"column":502}},"166":{"start":{"line":167,"column":0},"end":{"line":167,"column":506}},"167":{"start":{"line":168,"column":0},"end":{"line":168,"column":508}},"168":{"start":{"line":169,"column":0},"end":{"line":169,"column":504}},"169":{"start":{"line":170,"column":0},"end":{"line":170,"column":522}},"170":{"start":{"line":171,"column":0},"end":{"line":171,"column":505}},"171":{"start":{"line":172,"column":0},"end":{"line":172,"column":513}},"172":{"start":{"line":173,"column":0},"end":{"line":173,"column":509}},"173":{"start":{"line":174,"column":0},"end":{"line":174,"column":504}},"174":{"start":{"line":175,"column":0},"end":{"line":175,"column":530}},"175":{"start":{"line":176,"column":0},"end":{"line":176,"column":502}},"176":{"start":{"line":177,"column":0},"end":{"line":177,"column":517}},"177":{"start":{"line":178,"column":0},"end":{"line":178,"column":501}},"178":{"start":{"line":179,"column":0},"end":{"line":179,"column":501}},"179":{"start":{"line":180,"column":0},"end":{"line":180,"column":501}},"180":{"start":{"line":181,"column":0},"end":{"line":181,"column":505}},"181":{"start":{"line":182,"column":0},"end":{"line":182,"column":504}},"182":{"start":{"line":183,"column":0},"end":{"line":183,"column":551}},"183":{"start":{"line":184,"column":0},"end":{"line":184,"column":515}},"184":{"start":{"line":185,"column":0},"end":{"line":185,"column":510}},"185":{"start":{"line":186,"column":0},"end":{"line":186,"column":527}},"186":{"start":{"line":187,"column":0},"end":{"line":187,"column":505}},"187":{"start":{"line":188,"column":0},"end":{"line":188,"column":502}},"188":{"start":{"line":189,"column":0},"end":{"line":189,"column":501}},"189":{"start":{"line":190,"column":0},"end":{"line":190,"column":513}},"190":{"start":{"line":191,"column":0},"end":{"line":191,"column":503}},"191":{"start":{"line":192,"column":0},"end":{"line":192,"column":503}},"192":{"start":{"line":193,"column":0},"end":{"line":193,"column":520}},"193":{"start":{"line":194,"column":0},"end":{"line":194,"column":502}},"194":{"start":{"line":195,"column":0},"end":{"line":195,"column":516}},"195":{"start":{"line":196,"column":0},"end":{"line":196,"column":501}},"196":{"start":{"line":197,"column":0},"end":{"line":197,"column":512}},"197":{"start":{"line":198,"column":0},"end":{"line":198,"column":504}},"198":{"start":{"line":199,"column":0},"end":{"line":199,"column":511}},"199":{"start":{"line":200,"column":0},"end":{"line":200,"column":518}},"200":{"start":{"line":201,"column":0},"end":{"line":201,"column":512}},"201":{"start":{"line":202,"column":0},"end":{"line":202,"column":507}},"202":{"start":{"line":203,"column":0},"end":{"line":203,"column":539}},"203":{"start":{"line":204,"column":0},"end":{"line":204,"column":522}},"204":{"start":{"line":205,"column":0},"end":{"line":205,"column":503}},"205":{"start":{"line":206,"column":0},"end":{"line":206,"column":507}},"206":{"start":{"line":207,"column":0},"end":{"line":207,"column":502}},"207":{"start":{"line":208,"column":0},"end":{"line":208,"column":521}},"208":{"start":{"line":209,"column":0},"end":{"line":209,"column":511}},"209":{"start":{"line":210,"column":0},"end":{"line":210,"column":525}},"210":{"start":{"line":211,"column":0},"end":{"line":211,"column":509}},"211":{"start":{"line":212,"column":0},"end":{"line":212,"column":513}},"212":{"start":{"line":213,"column":0},"end":{"line":213,"column":519}},"213":{"start":{"line":214,"column":0},"end":{"line":214,"column":502}},"214":{"start":{"line":215,"column":0},"end":{"line":215,"column":507}},"215":{"start":{"line":216,"column":0},"end":{"line":216,"column":511}},"216":{"start":{"line":217,"column":0},"end":{"line":217,"column":511}},"217":{"start":{"line":218,"column":0},"end":{"line":218,"column":505}},"218":{"start":{"line":219,"column":0},"end":{"line":219,"column":512}},"219":{"start":{"line":220,"column":0},"end":{"line":220,"column":504}},"220":{"start":{"line":221,"column":0},"end":{"line":221,"column":536}},"221":{"start":{"line":222,"column":0},"end":{"line":222,"column":503}},"222":{"start":{"line":223,"column":0},"end":{"line":223,"column":508}},"223":{"start":{"line":224,"column":0},"end":{"line":224,"column":504}},"224":{"start":{"line":225,"column":0},"end":{"line":225,"column":517}},"225":{"start":{"line":226,"column":0},"end":{"line":226,"column":503}},"226":{"start":{"line":227,"column":0},"end":{"line":227,"column":505}},"227":{"start":{"line":228,"column":0},"end":{"line":228,"column":502}},"228":{"start":{"line":229,"column":0},"end":{"line":229,"column":509}},"229":{"start":{"line":230,"column":0},"end":{"line":230,"column":503}},"230":{"start":{"line":231,"column":0},"end":{"line":231,"column":508}},"231":{"start":{"line":232,"column":0},"end":{"line":232,"column":502}},"232":{"start":{"line":233,"column":0},"end":{"line":233,"column":523}},"233":{"start":{"line":234,"column":0},"end":{"line":234,"column":506}},"234":{"start":{"line":235,"column":0},"end":{"line":235,"column":521}},"235":{"start":{"line":236,"column":0},"end":{"line":236,"column":502}},"236":{"start":{"line":237,"column":0},"end":{"line":237,"column":523}},"237":{"start":{"line":238,"column":0},"end":{"line":238,"column":502}},"238":{"start":{"line":239,"column":0},"end":{"line":239,"column":534}},"239":{"start":{"line":240,"column":0},"end":{"line":240,"column":504}},"240":{"start":{"line":241,"column":0},"end":{"line":241,"column":504}},"241":{"start":{"line":242,"column":0},"end":{"line":242,"column":531}},"242":{"start":{"line":243,"column":0},"end":{"line":243,"column":502}},"243":{"start":{"line":244,"column":0},"end":{"line":244,"column":502}},"244":{"start":{"line":245,"column":0},"end":{"line":245,"column":518}},"245":{"start":{"line":246,"column":0},"end":{"line":246,"column":506}},"246":{"start":{"line":247,"column":0},"end":{"line":247,"column":507}},"247":{"start":{"line":248,"column":0},"end":{"line":248,"column":515}},"248":{"start":{"line":249,"column":0},"end":{"line":249,"column":507}},"249":{"start":{"line":250,"column":0},"end":{"line":250,"column":505}},"250":{"start":{"line":251,"column":0},"end":{"line":251,"column":501}},"251":{"start":{"line":252,"column":0},"end":{"line":252,"column":507}},"252":{"start":{"line":253,"column":0},"end":{"line":253,"column":504}},"253":{"start":{"line":254,"column":0},"end":{"line":254,"column":516}},"254":{"start":{"line":255,"column":0},"end":{"line":255,"column":503}},"255":{"start":{"line":256,"column":0},"end":{"line":256,"column":507}},"256":{"start":{"line":257,"column":0},"end":{"line":257,"column":504}},"257":{"start":{"line":258,"column":0},"end":{"line":258,"column":516}},"258":{"start":{"line":259,"column":0},"end":{"line":259,"column":502}},"259":{"start":{"line":260,"column":0},"end":{"line":260,"column":505}},"260":{"start":{"line":261,"column":0},"end":{"line":261,"column":505}},"261":{"start":{"line":262,"column":0},"end":{"line":262,"column":514}},"262":{"start":{"line":263,"column":0},"end":{"line":263,"column":512}},"263":{"start":{"line":264,"column":0},"end":{"line":264,"column":510}},"264":{"start":{"line":265,"column":0},"end":{"line":265,"column":501}},"265":{"start":{"line":266,"column":0},"end":{"line":266,"column":510}},"266":{"start":{"line":267,"column":0},"end":{"line":267,"column":502}},"267":{"start":{"line":268,"column":0},"end":{"line":268,"column":505}},"268":{"start":{"line":269,"column":0},"end":{"line":269,"column":512}},"269":{"start":{"line":270,"column":0},"end":{"line":270,"column":561}},"270":{"start":{"line":271,"column":0},"end":{"line":271,"column":501}},"271":{"start":{"line":272,"column":0},"end":{"line":272,"column":517}},"272":{"start":{"line":273,"column":0},"end":{"line":273,"column":501}},"273":{"start":{"line":274,"column":0},"end":{"line":274,"column":502}},"274":{"start":{"line":275,"column":0},"end":{"line":275,"column":519}},"275":{"start":{"line":276,"column":0},"end":{"line":276,"column":513}},"276":{"start":{"line":277,"column":0},"end":{"line":277,"column":509}},"277":{"start":{"line":278,"column":0},"end":{"line":278,"column":502}},"278":{"start":{"line":279,"column":0},"end":{"line":279,"column":515}},"279":{"start":{"line":280,"column":0},"end":{"line":280,"column":151}},"280":{"start":{"line":281,"column":0},"end":{"line":281,"column":502}},"281":{"start":{"line":282,"column":0},"end":{"line":282,"column":504}},"282":{"start":{"line":283,"column":0},"end":{"line":283,"column":501}},"283":{"start":{"line":284,"column":0},"end":{"line":284,"column":502}},"284":{"start":{"line":285,"column":0},"end":{"line":285,"column":505}},"285":{"start":{"line":286,"column":0},"end":{"line":286,"column":504}},"286":{"start":{"line":287,"column":0},"end":{"line":287,"column":501}},"287":{"start":{"line":288,"column":0},"end":{"line":288,"column":506}},"288":{"start":{"line":289,"column":0},"end":{"line":289,"column":514}},"289":{"start":{"line":290,"column":0},"end":{"line":290,"column":502}},"290":{"start":{"line":291,"column":0},"end":{"line":291,"column":501}},"291":{"start":{"line":292,"column":0},"end":{"line":292,"column":501}},"292":{"start":{"line":293,"column":0},"end":{"line":293,"column":505}},"293":{"start":{"line":294,"column":0},"end":{"line":294,"column":501}},"294":{"start":{"line":295,"column":0},"end":{"line":295,"column":504}},"295":{"start":{"line":296,"column":0},"end":{"line":296,"column":506}},"296":{"start":{"line":297,"column":0},"end":{"line":297,"column":503}},"297":{"start":{"line":298,"column":0},"end":{"line":298,"column":66}},"298":{"start":{"line":299,"column":0},"end":{"line":299,"column":513}},"299":{"start":{"line":300,"column":0},"end":{"line":300,"column":512}},"300":{"start":{"line":301,"column":0},"end":{"line":301,"column":501}},"301":{"start":{"line":302,"column":0},"end":{"line":302,"column":502}},"302":{"start":{"line":303,"column":0},"end":{"line":303,"column":501}},"303":{"start":{"line":304,"column":0},"end":{"line":304,"column":528}},"304":{"start":{"line":305,"column":0},"end":{"line":305,"column":502}},"305":{"start":{"line":306,"column":0},"end":{"line":306,"column":510}},"306":{"start":{"line":307,"column":0},"end":{"line":307,"column":529}},"307":{"start":{"line":308,"column":0},"end":{"line":308,"column":504}},"308":{"start":{"line":309,"column":0},"end":{"line":309,"column":528}},"309":{"start":{"line":310,"column":0},"end":{"line":310,"column":502}},"310":{"start":{"line":311,"column":0},"end":{"line":311,"column":513}},"311":{"start":{"line":312,"column":0},"end":{"line":312,"column":518}},"312":{"start":{"line":313,"column":0},"end":{"line":313,"column":503}},"313":{"start":{"line":314,"column":0},"end":{"line":314,"column":503}},"314":{"start":{"line":315,"column":0},"end":{"line":315,"column":505}},"315":{"start":{"line":316,"column":0},"end":{"line":316,"column":534}},"316":{"start":{"line":317,"column":0},"end":{"line":317,"column":504}},"317":{"start":{"line":318,"column":0},"end":{"line":318,"column":501}},"318":{"start":{"line":319,"column":0},"end":{"line":319,"column":504}},"319":{"start":{"line":320,"column":0},"end":{"line":320,"column":510}},"320":{"start":{"line":321,"column":0},"end":{"line":321,"column":507}},"321":{"start":{"line":322,"column":0},"end":{"line":322,"column":501}},"322":{"start":{"line":323,"column":0},"end":{"line":323,"column":512}},"323":{"start":{"line":324,"column":0},"end":{"line":324,"column":501}},"324":{"start":{"line":325,"column":0},"end":{"line":325,"column":503}},"325":{"start":{"line":326,"column":0},"end":{"line":326,"column":504}},"326":{"start":{"line":327,"column":0},"end":{"line":327,"column":507}},"327":{"start":{"line":328,"column":0},"end":{"line":328,"column":503}},"328":{"start":{"line":329,"column":0},"end":{"line":329,"column":505}},"329":{"start":{"line":330,"column":0},"end":{"line":330,"column":501}},"330":{"start":{"line":331,"column":0},"end":{"line":331,"column":501}},"331":{"start":{"line":332,"column":0},"end":{"line":332,"column":501}},"332":{"start":{"line":333,"column":0},"end":{"line":333,"column":508}},"333":{"start":{"line":334,"column":0},"end":{"line":334,"column":526}},"334":{"start":{"line":335,"column":0},"end":{"line":335,"column":504}},"335":{"start":{"line":336,"column":0},"end":{"line":336,"column":519}},"336":{"start":{"line":337,"column":0},"end":{"line":337,"column":524}},"337":{"start":{"line":338,"column":0},"end":{"line":338,"column":32}},"338":{"start":{"line":339,"column":0},"end":{"line":339,"column":512}},"339":{"start":{"line":340,"column":0},"end":{"line":340,"column":502}},"340":{"start":{"line":341,"column":0},"end":{"line":341,"column":508}},"341":{"start":{"line":342,"column":0},"end":{"line":342,"column":506}},"342":{"start":{"line":343,"column":0},"end":{"line":343,"column":502}},"343":{"start":{"line":344,"column":0},"end":{"line":344,"column":526}},"344":{"start":{"line":345,"column":0},"end":{"line":345,"column":502}},"345":{"start":{"line":346,"column":0},"end":{"line":346,"column":514}},"346":{"start":{"line":347,"column":0},"end":{"line":347,"column":501}},"347":{"start":{"line":348,"column":0},"end":{"line":348,"column":262}},"348":{"start":{"line":349,"column":0},"end":{"line":349,"column":508}},"349":{"start":{"line":350,"column":0},"end":{"line":350,"column":501}},"350":{"start":{"line":351,"column":0},"end":{"line":351,"column":509}},"351":{"start":{"line":352,"column":0},"end":{"line":352,"column":502}},"352":{"start":{"line":353,"column":0},"end":{"line":353,"column":510}},"353":{"start":{"line":354,"column":0},"end":{"line":354,"column":503}},"354":{"start":{"line":355,"column":0},"end":{"line":355,"column":505}},"355":{"start":{"line":356,"column":0},"end":{"line":356,"column":501}},"356":{"start":{"line":357,"column":0},"end":{"line":357,"column":516}},"357":{"start":{"line":358,"column":0},"end":{"line":358,"column":509}},"358":{"start":{"line":359,"column":0},"end":{"line":359,"column":503}},"359":{"start":{"line":360,"column":0},"end":{"line":360,"column":524}},"360":{"start":{"line":361,"column":0},"end":{"line":361,"column":501}},"361":{"start":{"line":362,"column":0},"end":{"line":362,"column":406}},"362":{"start":{"line":363,"column":0},"end":{"line":363,"column":504}},"363":{"start":{"line":364,"column":0},"end":{"line":364,"column":503}},"364":{"start":{"line":365,"column":0},"end":{"line":365,"column":503}},"365":{"start":{"line":366,"column":0},"end":{"line":366,"column":505}},"366":{"start":{"line":367,"column":0},"end":{"line":367,"column":503}},"367":{"start":{"line":368,"column":0},"end":{"line":368,"column":510}},"368":{"start":{"line":369,"column":0},"end":{"line":369,"column":513}},"369":{"start":{"line":370,"column":0},"end":{"line":370,"column":150}},"370":{"start":{"line":371,"column":0},"end":{"line":371,"column":511}},"371":{"start":{"line":372,"column":0},"end":{"line":372,"column":505}},"372":{"start":{"line":373,"column":0},"end":{"line":373,"column":512}},"373":{"start":{"line":374,"column":0},"end":{"line":374,"column":501}},"374":{"start":{"line":375,"column":0},"end":{"line":375,"column":502}},"375":{"start":{"line":376,"column":0},"end":{"line":376,"column":501}},"376":{"start":{"line":377,"column":0},"end":{"line":377,"column":508}},"377":{"start":{"line":378,"column":0},"end":{"line":378,"column":514}},"378":{"start":{"line":379,"column":0},"end":{"line":379,"column":506}},"379":{"start":{"line":380,"column":0},"end":{"line":380,"column":509}},"380":{"start":{"line":381,"column":0},"end":{"line":381,"column":512}},"381":{"start":{"line":382,"column":0},"end":{"line":382,"column":507}},"382":{"start":{"line":383,"column":0},"end":{"line":383,"column":505}},"383":{"start":{"line":384,"column":0},"end":{"line":384,"column":511}},"384":{"start":{"line":385,"column":0},"end":{"line":385,"column":511}},"385":{"start":{"line":386,"column":0},"end":{"line":386,"column":515}},"386":{"start":{"line":387,"column":0},"end":{"line":387,"column":508}},"387":{"start":{"line":388,"column":0},"end":{"line":388,"column":677}},"388":{"start":{"line":389,"column":0},"end":{"line":389,"column":509}},"389":{"start":{"line":390,"column":0},"end":{"line":390,"column":33}},"390":{"start":{"line":391,"column":0},"end":{"line":391,"column":519}},"391":{"start":{"line":392,"column":0},"end":{"line":392,"column":523}},"392":{"start":{"line":393,"column":0},"end":{"line":393,"column":501}},"393":{"start":{"line":394,"column":0},"end":{"line":394,"column":503}},"394":{"start":{"line":395,"column":0},"end":{"line":395,"column":512}},"395":{"start":{"line":396,"column":0},"end":{"line":396,"column":502}},"396":{"start":{"line":397,"column":0},"end":{"line":397,"column":45}},"397":{"start":{"line":398,"column":0},"end":{"line":398,"column":0}}},"s":{"0":1,"1":1,"2":0,"3":0,"4":1,"5":1,"6":0,"7":0,"8":0,"9":0,"10":0,"11":0,"12":0,"13":0,"14":0,"15":0,"16":0,"17":0,"18":0,"19":0,"20":0,"21":0,"22":0,"23":0,"24":0,"25":0,"26":0,"27":0,"28":0,"29":0,"30":0,"31":0,"32":0,"33":0,"34":0,"35":0,"36":0,"37":0,"38":0,"39":0,"40":0,"41":0,"42":0,"43":0,"44":0,"45":0,"46":1,"47":0,"48":0,"49":0,"50":0,"51":0,"52":1,"53":0,"54":0,"55":0,"56":1,"57":1,"58":1,"59":1,"60":0,"61":0,"62":0,"63":0,"64":0,"65":0,"66":0,"67":0,"68":1,"69":1,"70":0,"71":0,"72":0,"73":0,"74":0,"75":0,"76":0,"77":0,"78":0,"79":0,"80":0,"81":0,"82":0,"83":0,"84":0,"85":0,"86":0,"87":0,"88":0,"89":0,"90":1,"91":0,"92":0,"93":0,"94":0,"95":0,"96":0,"97":0,"98":0,"99":0,"100":0,"101":0,"102":0,"103":0,"104":0,"105":0,"106":0,"107":0,"108":0,"109":0,"110":0,"111":0,"112":0,"113":0,"114":0,"115":0,"116":0,"117":0,"118":0,"119":0,"120":0,"121":0,"122":0,"123":0,"124":0,"125":0,"126":0,"127":0,"128":0,"129":0,"130":0,"131":0,"132":0,"133":0,"134":0,"135":0,"136":0,"137":0,"138":0,"139":0,"140":0,"141":0,"142":0,"143":0,"144":0,"145":0,"146":0,"147":0,"148":0,"149":0,"150":0,"151":0,"152":0,"153":0,"154":0,"155":0,"156":0,"157":0,"158":0,"159":0,"160":0,"161":0,"162":0,"163":0,"164":0,"165":0,"166":0,"167":0,"168":0,"169":0,"170":0,"171":0,"172":0,"173":0,"174":0,"175":0,"176":0,"177":0,"178":0,"179":0,"180":0,"181":0,"182":0,"183":0,"184":0,"185":0,"186":0,"187":0,"188":0,"189":0,"190":0,"191":0,"192":0,"193":0,"194":0,"195":0,"196":0,"197":0,"198":0,"199":0,"200":0,"201":0,"202":0,"203":0,"204":0,"205":0,"206":0,"207":0,"208":0,"209":0,"210":0,"211":0,"212":0,"213":0,"214":0,"215":0,"216":0,"217":0,"218":0,"219":0,"220":0,"221":0,"222":0,"223":0,"224":0,"225":0,"226":1,"227":1,"228":1,"229":1,"230":0,"231":0,"232":0,"233":0,"234":0,"235":0,"236":0,"237":0,"238":0,"239":0,"240":0,"241":0,"242":0,"243":1,"244":0,"245":0,"246":0,"247":0,"248":0,"249":0,"250":0,"251":0,"252":0,"253":1,"254":1,"255":0,"256":0,"257":0,"258":0,"259":0,"260":0,"261":0,"262":0,"263":0,"264":0,"265":0,"266":0,"267":0,"268":0,"269":0,"270":0,"271":0,"272":0,"273":0,"274":0,"275":0,"276":0,"277":0,"278":0,"279":0,"280":0,"281":0,"282":0,"283":0,"284":0,"285":0,"286":0,"287":0,"288":0,"289":0,"290":0,"291":0,"292":0,"293":0,"294":0,"295":0,"296":0,"297":0,"298":0,"299":0,"300":0,"301":0,"302":0,"303":0,"304":0,"305":0,"306":0,"307":0,"308":0,"309":0,"310":0,"311":0,"312":0,"313":0,"314":0,"315":0,"316":0,"317":0,"318":0,"319":0,"320":0,"321":0,"322":0,"323":0,"324":0,"325":0,"326":0,"327":0,"328":0,"329":0,"330":0,"331":0,"332":0,"333":0,"334":0,"335":0,"336":0,"337":0,"338":0,"339":0,"340":0,"341":0,"342":0,"343":0,"344":0,"345":0,"346":0,"347":0,"348":0,"349":0,"350":0,"351":0,"352":0,"353":0,"354":0,"355":0,"356":0,"357":0,"358":0,"359":0,"360":0,"361":0,"362":0,"363":0,"364":0,"365":0,"366":0,"367":0,"368":0,"369":0,"370":0,"371":0,"372":0,"373":0,"374":0,"375":0,"376":0,"377":0,"378":0,"379":0,"380":0,"381":0,"382":0,"383":0,"384":0,"385":0,"386":0,"387":0,"388":0,"389":1,"390":0,"391":0,"392":0,"393":0,"394":0,"395":0,"396":0,"397":1},"branchMap":{"0":{"type":"branch","loc":{"start":{"line":1,"column":0},"end":{"line":3,"column":106}},"locations":[{"start":{"line":1,"column":0},"end":{"line":3,"column":106}}]},"1":{"type":"branch","loc":{"start":{"line":3,"column":126},"end":{"line":3,"column":139}},"locations":[{"start":{"line":3,"column":126},"end":{"line":3,"column":139}}]},"2":{"type":"branch","loc":{"start":{"line":3,"column":327},"end":{"line":3,"column":399}},"locations":[{"start":{"line":3,"column":327},"end":{"line":3,"column":399}}]},"3":{"type":"branch","loc":{"start":{"line":3,"column":410},"end":{"line":4,"column":69}},"locations":[{"start":{"line":3,"column":410},"end":{"line":4,"column":69}}]},"4":{"type":"branch","loc":{"start":{"line":4,"column":74},"end":{"line":4,"column":84}},"locations":[{"start":{"line":4,"column":74},"end":{"line":4,"column":84}}]},"5":{"type":"branch","loc":{"start":{"line":4,"column":221},"end":{"line":7,"column":115}},"locations":[{"start":{"line":4,"column":221},"end":{"line":7,"column":115}}]},"6":{"type":"branch","loc":{"start":{"line":7,"column":126},"end":{"line":7,"column":139}},"locations":[{"start":{"line":7,"column":126},"end":{"line":7,"column":139}}]},"7":{"type":"branch","loc":{"start":{"line":7,"column":154},"end":{"line":7,"column":225}},"locations":[{"start":{"line":7,"column":154},"end":{"line":7,"column":225}}]},"8":{"type":"branch","loc":{"start":{"line":7,"column":227},"end":{"line":7,"column":363}},"locations":[{"start":{"line":7,"column":227},"end":{"line":7,"column":363}}]},"9":{"type":"branch","loc":{"start":{"line":7,"column":372},"end":{"line":7,"column":451}},"locations":[{"start":{"line":7,"column":372},"end":{"line":7,"column":451}}]},"10":{"type":"branch","loc":{"start":{"line":7,"column":472},"end":{"line":8,"column":37}},"locations":[{"start":{"line":7,"column":472},"end":{"line":8,"column":37}}]},"11":{"type":"branch","loc":{"start":{"line":8,"column":66},"end":{"line":8,"column":176}},"locations":[{"start":{"line":8,"column":66},"end":{"line":8,"column":176}}]},"12":{"type":"branch","loc":{"start":{"line":8,"column":186},"end":{"line":8,"column":218}},"locations":[{"start":{"line":8,"column":186},"end":{"line":8,"column":218}}]},"13":{"type":"branch","loc":{"start":{"line":8,"column":330},"end":{"line":8,"column":453}},"locations":[{"start":{"line":8,"column":330},"end":{"line":8,"column":453}}]},"14":{"type":"branch","loc":{"start":{"line":8,"column":460},"end":{"line":8,"column":487}},"locations":[{"start":{"line":8,"column":460},"end":{"line":8,"column":487}}]},"15":{"type":"branch","loc":{"start":{"line":8,"column":489},"end":{"line":9,"column":32}},"locations":[{"start":{"line":8,"column":489},"end":{"line":9,"column":32}}]},"16":{"type":"branch","loc":{"start":{"line":9,"column":42},"end":{"line":9,"column":77}},"locations":[{"start":{"line":9,"column":42},"end":{"line":9,"column":77}}]},"17":{"type":"branch","loc":{"start":{"line":9,"column":103},"end":{"line":9,"column":169}},"locations":[{"start":{"line":9,"column":103},"end":{"line":9,"column":169}}]},"18":{"type":"branch","loc":{"start":{"line":11,"column":397},"end":{"line":11,"column":417}},"locations":[{"start":{"line":11,"column":397},"end":{"line":11,"column":417}}]},"19":{"type":"branch","loc":{"start":{"line":12,"column":4},"end":{"line":12,"column":11}},"locations":[{"start":{"line":12,"column":4},"end":{"line":12,"column":11}}]},"20":{"type":"branch","loc":{"start":{"line":12,"column":23},"end":{"line":12,"column":154}},"locations":[{"start":{"line":12,"column":23},"end":{"line":12,"column":154}}]},"21":{"type":"branch","loc":{"start":{"line":12,"column":171},"end":{"line":12,"column":200}},"locations":[{"start":{"line":12,"column":171},"end":{"line":12,"column":200}}]},"22":{"type":"branch","loc":{"start":{"line":12,"column":218},"end":{"line":12,"column":262}},"locations":[{"start":{"line":12,"column":218},"end":{"line":12,"column":262}}]},"23":{"type":"branch","loc":{"start":{"line":12,"column":294},"end":{"line":12,"column":313}},"locations":[{"start":{"line":12,"column":294},"end":{"line":12,"column":313}}]},"24":{"type":"branch","loc":{"start":{"line":12,"column":421},"end":{"line":13,"column":12}},"locations":[{"start":{"line":12,"column":421},"end":{"line":13,"column":12}}]},"25":{"type":"branch","loc":{"start":{"line":13,"column":25},"end":{"line":13,"column":69}},"locations":[{"start":{"line":13,"column":25},"end":{"line":13,"column":69}}]},"26":{"type":"branch","loc":{"start":{"line":13,"column":458},"end":{"line":14,"column":109}},"locations":[{"start":{"line":13,"column":458},"end":{"line":14,"column":109}}]},"27":{"type":"branch","loc":{"start":{"line":14,"column":120},"end":{"line":14,"column":154}},"locations":[{"start":{"line":14,"column":120},"end":{"line":14,"column":154}}]},"28":{"type":"branch","loc":{"start":{"line":16,"column":80},"end":{"line":16,"column":305}},"locations":[{"start":{"line":16,"column":80},"end":{"line":16,"column":305}}]},"29":{"type":"branch","loc":{"start":{"line":16,"column":407},"end":{"line":17,"column":183}},"locations":[{"start":{"line":16,"column":407},"end":{"line":17,"column":183}}]},"30":{"type":"branch","loc":{"start":{"line":17,"column":204},"end":{"line":17,"column":257}},"locations":[{"start":{"line":17,"column":204},"end":{"line":17,"column":257}}]},"31":{"type":"branch","loc":{"start":{"line":17,"column":263},"end":{"line":17,"column":286}},"locations":[{"start":{"line":17,"column":263},"end":{"line":17,"column":286}}]},"32":{"type":"branch","loc":{"start":{"line":17,"column":290},"end":{"line":17,"column":340}},"locations":[{"start":{"line":17,"column":290},"end":{"line":17,"column":340}}]},"33":{"type":"branch","loc":{"start":{"line":17,"column":351},"end":{"line":17,"column":435}},"locations":[{"start":{"line":17,"column":351},"end":{"line":17,"column":435}}]},"34":{"type":"branch","loc":{"start":{"line":17,"column":515},"end":{"line":18,"column":35}},"locations":[{"start":{"line":17,"column":515},"end":{"line":18,"column":35}}]},"35":{"type":"branch","loc":{"start":{"line":18,"column":49},"end":{"line":18,"column":51}},"locations":[{"start":{"line":18,"column":49},"end":{"line":18,"column":51}}]},"36":{"type":"branch","loc":{"start":{"line":18,"column":54},"end":{"line":18,"column":153}},"locations":[{"start":{"line":18,"column":54},"end":{"line":18,"column":153}}]},"37":{"type":"branch","loc":{"start":{"line":18,"column":367},"end":{"line":19,"column":17}},"locations":[{"start":{"line":18,"column":367},"end":{"line":19,"column":17}}]},"38":{"type":"branch","loc":{"start":{"line":19,"column":26},"end":{"line":19,"column":108}},"locations":[{"start":{"line":19,"column":26},"end":{"line":19,"column":108}}]},"39":{"type":"branch","loc":{"start":{"line":19,"column":129},"end":{"line":19,"column":174}},"locations":[{"start":{"line":19,"column":129},"end":{"line":19,"column":174}}]},"40":{"type":"branch","loc":{"start":{"line":19,"column":262},"end":{"line":19,"column":293}},"locations":[{"start":{"line":19,"column":262},"end":{"line":19,"column":293}}]},"41":{"type":"branch","loc":{"start":{"line":20,"column":69},"end":{"line":20,"column":207}},"locations":[{"start":{"line":20,"column":69},"end":{"line":20,"column":207}}]},"42":{"type":"branch","loc":{"start":{"line":20,"column":230},"end":{"line":20,"column":285}},"locations":[{"start":{"line":20,"column":230},"end":{"line":20,"column":285}}]},"43":{"type":"branch","loc":{"start":{"line":20,"column":301},"end":{"line":20,"column":373}},"locations":[{"start":{"line":20,"column":301},"end":{"line":20,"column":373}}]},"44":{"type":"branch","loc":{"start":{"line":20,"column":379},"end":{"line":20,"column":404}},"locations":[{"start":{"line":20,"column":379},"end":{"line":20,"column":404}}]},"45":{"type":"branch","loc":{"start":{"line":21,"column":240},"end":{"line":21,"column":417}},"locations":[{"start":{"line":21,"column":240},"end":{"line":21,"column":417}}]},"46":{"type":"branch","loc":{"start":{"line":21,"column":442},"end":{"line":21,"column":444}},"locations":[{"start":{"line":21,"column":442},"end":{"line":21,"column":444}}]},"47":{"type":"branch","loc":{"start":{"line":21,"column":467},"end":{"line":22,"column":92}},"locations":[{"start":{"line":21,"column":467},"end":{"line":22,"column":92}}]},"48":{"type":"branch","loc":{"start":{"line":22,"column":197},"end":{"line":22,"column":230}},"locations":[{"start":{"line":22,"column":197},"end":{"line":22,"column":230}}]},"49":{"type":"branch","loc":{"start":{"line":22,"column":472},"end":{"line":22,"column":482}},"locations":[{"start":{"line":22,"column":472},"end":{"line":22,"column":482}}]},"50":{"type":"branch","loc":{"start":{"line":23,"column":105},"end":{"line":23,"column":130}},"locations":[{"start":{"line":23,"column":105},"end":{"line":23,"column":130}}]},"51":{"type":"branch","loc":{"start":{"line":23,"column":175},"end":{"line":23,"column":236}},"locations":[{"start":{"line":23,"column":175},"end":{"line":23,"column":236}}]},"52":{"type":"branch","loc":{"start":{"line":23,"column":255},"end":{"line":23,"column":259}},"locations":[{"start":{"line":23,"column":255},"end":{"line":23,"column":259}}]},"53":{"type":"branch","loc":{"start":{"line":24,"column":117},"end":{"line":24,"column":183}},"locations":[{"start":{"line":24,"column":117},"end":{"line":24,"column":183}}]},"54":{"type":"branch","loc":{"start":{"line":24,"column":206},"end":{"line":24,"column":255}},"locations":[{"start":{"line":24,"column":206},"end":{"line":24,"column":255}}]},"55":{"type":"branch","loc":{"start":{"line":24,"column":259},"end":{"line":24,"column":346}},"locations":[{"start":{"line":24,"column":259},"end":{"line":24,"column":346}}]},"56":{"type":"branch","loc":{"start":{"line":24,"column":356},"end":{"line":24,"column":418}},"locations":[{"start":{"line":24,"column":356},"end":{"line":24,"column":418}}]},"57":{"type":"branch","loc":{"start":{"line":24,"column":503},"end":{"line":25,"column":123}},"locations":[{"start":{"line":24,"column":503},"end":{"line":25,"column":123}}]},"58":{"type":"branch","loc":{"start":{"line":25,"column":126},"end":{"line":25,"column":174}},"locations":[{"start":{"line":25,"column":126},"end":{"line":25,"column":174}}]},"59":{"type":"branch","loc":{"start":{"line":25,"column":185},"end":{"line":25,"column":268}},"locations":[{"start":{"line":25,"column":185},"end":{"line":25,"column":268}}]},"60":{"type":"branch","loc":{"start":{"line":26,"column":54},"end":{"line":26,"column":83}},"locations":[{"start":{"line":26,"column":54},"end":{"line":26,"column":83}}]},"61":{"type":"branch","loc":{"start":{"line":26,"column":87},"end":{"line":26,"column":171}},"locations":[{"start":{"line":26,"column":87},"end":{"line":26,"column":171}}]},"62":{"type":"branch","loc":{"start":{"line":26,"column":174},"end":{"line":26,"column":185}},"locations":[{"start":{"line":26,"column":174},"end":{"line":26,"column":185}}]},"63":{"type":"branch","loc":{"start":{"line":27,"column":272},"end":{"line":27,"column":302}},"locations":[{"start":{"line":27,"column":272},"end":{"line":27,"column":302}}]},"64":{"type":"branch","loc":{"start":{"line":27,"column":318},"end":{"line":27,"column":329}},"locations":[{"start":{"line":27,"column":318},"end":{"line":27,"column":329}}]},"65":{"type":"branch","loc":{"start":{"line":27,"column":336},"end":{"line":27,"column":342}},"locations":[{"start":{"line":27,"column":336},"end":{"line":27,"column":342}}]},"66":{"type":"branch","loc":{"start":{"line":27,"column":349},"end":{"line":27,"column":390}},"locations":[{"start":{"line":27,"column":349},"end":{"line":27,"column":390}}]},"67":{"type":"branch","loc":{"start":{"line":27,"column":502},"end":{"line":28,"column":70}},"locations":[{"start":{"line":27,"column":502},"end":{"line":28,"column":70}}]},"68":{"type":"branch","loc":{"start":{"line":28,"column":350},"end":{"line":28,"column":379}},"locations":[{"start":{"line":28,"column":350},"end":{"line":28,"column":379}}]},"69":{"type":"branch","loc":{"start":{"line":28,"column":386},"end":{"line":28,"column":481}},"locations":[{"start":{"line":28,"column":386},"end":{"line":28,"column":481}}]},"70":{"type":"branch","loc":{"start":{"line":28,"column":484},"end":{"line":28,"column":487}},"locations":[{"start":{"line":28,"column":484},"end":{"line":28,"column":487}}]},"71":{"type":"branch","loc":{"start":{"line":29,"column":16},"end":{"line":29,"column":37}},"locations":[{"start":{"line":29,"column":16},"end":{"line":29,"column":37}}]},"72":{"type":"branch","loc":{"start":{"line":29,"column":83},"end":{"line":29,"column":102}},"locations":[{"start":{"line":29,"column":83},"end":{"line":29,"column":102}}]},"73":{"type":"branch","loc":{"start":{"line":29,"column":108},"end":{"line":29,"column":200}},"locations":[{"start":{"line":29,"column":108},"end":{"line":29,"column":200}}]},"74":{"type":"branch","loc":{"start":{"line":29,"column":207},"end":{"line":29,"column":228}},"locations":[{"start":{"line":29,"column":207},"end":{"line":29,"column":228}}]},"75":{"type":"branch","loc":{"start":{"line":29,"column":231},"end":{"line":29,"column":304}},"locations":[{"start":{"line":29,"column":231},"end":{"line":29,"column":304}}]},"76":{"type":"branch","loc":{"start":{"line":29,"column":344},"end":{"line":29,"column":359}},"locations":[{"start":{"line":29,"column":344},"end":{"line":29,"column":359}}]},"77":{"type":"branch","loc":{"start":{"line":29,"column":412},"end":{"line":29,"column":435}},"locations":[{"start":{"line":29,"column":412},"end":{"line":29,"column":435}}]},"78":{"type":"branch","loc":{"start":{"line":30,"column":381},"end":{"line":30,"column":408}},"locations":[{"start":{"line":30,"column":381},"end":{"line":30,"column":408}}]},"79":{"type":"branch","loc":{"start":{"line":30,"column":433},"end":{"line":30,"column":499}},"locations":[{"start":{"line":30,"column":433},"end":{"line":30,"column":499}}]},"80":{"type":"branch","loc":{"start":{"line":31,"column":292},"end":{"line":31,"column":398}},"locations":[{"start":{"line":31,"column":292},"end":{"line":31,"column":398}}]},"81":{"type":"branch","loc":{"start":{"line":32,"column":15},"end":{"line":32,"column":19}},"locations":[{"start":{"line":32,"column":15},"end":{"line":32,"column":19}}]},"82":{"type":"branch","loc":{"start":{"line":32,"column":145},"end":{"line":32,"column":147}},"locations":[{"start":{"line":32,"column":145},"end":{"line":32,"column":147}}]},"83":{"type":"branch","loc":{"start":{"line":32,"column":244},"end":{"line":32,"column":286}},"locations":[{"start":{"line":32,"column":244},"end":{"line":32,"column":286}}]},"84":{"type":"branch","loc":{"start":{"line":32,"column":306},"end":{"line":32,"column":355}},"locations":[{"start":{"line":32,"column":306},"end":{"line":32,"column":355}}]},"85":{"type":"branch","loc":{"start":{"line":32,"column":364},"end":{"line":32,"column":378}},"locations":[{"start":{"line":32,"column":364},"end":{"line":32,"column":378}}]},"86":{"type":"branch","loc":{"start":{"line":32,"column":390},"end":{"line":32,"column":477}},"locations":[{"start":{"line":32,"column":390},"end":{"line":32,"column":477}}]},"87":{"type":"branch","loc":{"start":{"line":33,"column":23},"end":{"line":33,"column":165}},"locations":[{"start":{"line":33,"column":23},"end":{"line":33,"column":165}}]},"88":{"type":"branch","loc":{"start":{"line":34,"column":284},"end":{"line":34,"column":344}},"locations":[{"start":{"line":34,"column":284},"end":{"line":34,"column":344}}]},"89":{"type":"branch","loc":{"start":{"line":34,"column":353},"end":{"line":34,"column":359}},"locations":[{"start":{"line":34,"column":353},"end":{"line":34,"column":359}}]},"90":{"type":"branch","loc":{"start":{"line":34,"column":397},"end":{"line":35,"column":19}},"locations":[{"start":{"line":34,"column":397},"end":{"line":35,"column":19}}]},"91":{"type":"branch","loc":{"start":{"line":35,"column":35},"end":{"line":35,"column":85}},"locations":[{"start":{"line":35,"column":35},"end":{"line":35,"column":85}}]},"92":{"type":"branch","loc":{"start":{"line":35,"column":88},"end":{"line":35,"column":190}},"locations":[{"start":{"line":35,"column":88},"end":{"line":35,"column":190}}]},"93":{"type":"branch","loc":{"start":{"line":35,"column":213},"end":{"line":35,"column":458}},"locations":[{"start":{"line":35,"column":213},"end":{"line":35,"column":458}}]},"94":{"type":"branch","loc":{"start":{"line":35,"column":467},"end":{"line":36,"column":85}},"locations":[{"start":{"line":35,"column":467},"end":{"line":36,"column":85}}]},"95":{"type":"branch","loc":{"start":{"line":36,"column":104},"end":{"line":36,"column":151}},"locations":[{"start":{"line":36,"column":104},"end":{"line":36,"column":151}}]},"96":{"type":"branch","loc":{"start":{"line":36,"column":170},"end":{"line":36,"column":225}},"locations":[{"start":{"line":36,"column":170},"end":{"line":36,"column":225}}]},"97":{"type":"branch","loc":{"start":{"line":36,"column":235},"end":{"line":37,"column":76}},"locations":[{"start":{"line":36,"column":235},"end":{"line":37,"column":76}}]},"98":{"type":"branch","loc":{"start":{"line":37,"column":90},"end":{"line":37,"column":158}},"locations":[{"start":{"line":37,"column":90},"end":{"line":37,"column":158}}]},"99":{"type":"branch","loc":{"start":{"line":37,"column":178},"end":{"line":37,"column":250}},"locations":[{"start":{"line":37,"column":178},"end":{"line":37,"column":250}}]},"100":{"type":"branch","loc":{"start":{"line":37,"column":270},"end":{"line":38,"column":181}},"locations":[{"start":{"line":37,"column":270},"end":{"line":38,"column":181}}]},"101":{"type":"branch","loc":{"start":{"line":38,"column":250},"end":{"line":38,"column":395}},"locations":[{"start":{"line":38,"column":250},"end":{"line":38,"column":395}}]},"102":{"type":"branch","loc":{"start":{"line":38,"column":415},"end":{"line":39,"column":30}},"locations":[{"start":{"line":38,"column":415},"end":{"line":39,"column":30}}]},"103":{"type":"branch","loc":{"start":{"line":39,"column":103},"end":{"line":39,"column":229}},"locations":[{"start":{"line":39,"column":103},"end":{"line":39,"column":229}}]},"104":{"type":"branch","loc":{"start":{"line":39,"column":300},"end":{"line":39,"column":436}},"locations":[{"start":{"line":39,"column":300},"end":{"line":39,"column":436}}]},"105":{"type":"branch","loc":{"start":{"line":39,"column":447},"end":{"line":40,"column":4}},"locations":[{"start":{"line":39,"column":447},"end":{"line":40,"column":4}}]},"106":{"type":"branch","loc":{"start":{"line":40,"column":62},"end":{"line":40,"column":125}},"locations":[{"start":{"line":40,"column":62},"end":{"line":40,"column":125}}]},"107":{"type":"branch","loc":{"start":{"line":40,"column":170},"end":{"line":40,"column":222}},"locations":[{"start":{"line":40,"column":170},"end":{"line":40,"column":222}}]},"108":{"type":"branch","loc":{"start":{"line":40,"column":234},"end":{"line":40,"column":241}},"locations":[{"start":{"line":40,"column":234},"end":{"line":40,"column":241}}]},"109":{"type":"branch","loc":{"start":{"line":40,"column":250},"end":{"line":40,"column":339}},"locations":[{"start":{"line":40,"column":250},"end":{"line":40,"column":339}}]},"110":{"type":"branch","loc":{"start":{"line":40,"column":350},"end":{"line":40,"column":369}},"locations":[{"start":{"line":40,"column":350},"end":{"line":40,"column":369}}]},"111":{"type":"branch","loc":{"start":{"line":40,"column":481},"end":{"line":41,"column":0}},"locations":[{"start":{"line":40,"column":481},"end":{"line":41,"column":0}}]},"112":{"type":"branch","loc":{"start":{"line":42,"column":125},"end":{"line":42,"column":204}},"locations":[{"start":{"line":42,"column":125},"end":{"line":42,"column":204}}]},"113":{"type":"branch","loc":{"start":{"line":42,"column":227},"end":{"line":42,"column":247}},"locations":[{"start":{"line":42,"column":227},"end":{"line":42,"column":247}}]},"114":{"type":"branch","loc":{"start":{"line":42,"column":268},"end":{"line":42,"column":296}},"locations":[{"start":{"line":42,"column":268},"end":{"line":42,"column":296}}]},"115":{"type":"branch","loc":{"start":{"line":42,"column":304},"end":{"line":42,"column":331}},"locations":[{"start":{"line":42,"column":304},"end":{"line":42,"column":331}}]},"116":{"type":"branch","loc":{"start":{"line":42,"column":354},"end":{"line":42,"column":389}},"locations":[{"start":{"line":42,"column":354},"end":{"line":42,"column":389}}]},"117":{"type":"branch","loc":{"start":{"line":42,"column":391},"end":{"line":42,"column":437}},"locations":[{"start":{"line":42,"column":391},"end":{"line":42,"column":437}}]},"118":{"type":"branch","loc":{"start":{"line":42,"column":439},"end":{"line":42,"column":481}},"locations":[{"start":{"line":42,"column":439},"end":{"line":42,"column":481}}]},"119":{"type":"branch","loc":{"start":{"line":43,"column":200},"end":{"line":43,"column":256}},"locations":[{"start":{"line":43,"column":200},"end":{"line":43,"column":256}}]},"120":{"type":"branch","loc":{"start":{"line":43,"column":430},"end":{"line":43,"column":477}},"locations":[{"start":{"line":43,"column":430},"end":{"line":43,"column":477}}]},"121":{"type":"branch","loc":{"start":{"line":44,"column":314},"end":{"line":44,"column":394}},"locations":[{"start":{"line":44,"column":314},"end":{"line":44,"column":394}}]},"122":{"type":"branch","loc":{"start":{"line":45,"column":199},"end":{"line":45,"column":211}},"locations":[{"start":{"line":45,"column":199},"end":{"line":45,"column":211}}]},"123":{"type":"branch","loc":{"start":{"line":45,"column":220},"end":{"line":45,"column":363}},"locations":[{"start":{"line":45,"column":220},"end":{"line":45,"column":363}}]},"124":{"type":"branch","loc":{"start":{"line":45,"column":374},"end":{"line":45,"column":430}},"locations":[{"start":{"line":45,"column":374},"end":{"line":45,"column":430}}]},"125":{"type":"branch","loc":{"start":{"line":45,"column":474},"end":{"line":45,"column":496}},"locations":[{"start":{"line":45,"column":474},"end":{"line":45,"column":496}}]},"126":{"type":"branch","loc":{"start":{"line":45,"column":513},"end":{"line":46,"column":90}},"locations":[{"start":{"line":45,"column":513},"end":{"line":46,"column":90}}]},"127":{"type":"branch","loc":{"start":{"line":46,"column":93},"end":{"line":46,"column":107}},"locations":[{"start":{"line":46,"column":93},"end":{"line":46,"column":107}}]},"128":{"type":"branch","loc":{"start":{"line":46,"column":150},"end":{"line":48,"column":172}},"locations":[{"start":{"line":46,"column":150},"end":{"line":48,"column":172}}]},"129":{"type":"branch","loc":{"start":{"line":48,"column":306},"end":{"line":48,"column":349}},"locations":[{"start":{"line":48,"column":306},"end":{"line":48,"column":349}}]},"130":{"type":"branch","loc":{"start":{"line":48,"column":354},"end":{"line":48,"column":396}},"locations":[{"start":{"line":48,"column":354},"end":{"line":48,"column":396}}]},"131":{"type":"branch","loc":{"start":{"line":48,"column":433},"end":{"line":48,"column":452}},"locations":[{"start":{"line":48,"column":433},"end":{"line":48,"column":452}}]},"132":{"type":"branch","loc":{"start":{"line":49,"column":24},"end":{"line":49,"column":49}},"locations":[{"start":{"line":49,"column":24},"end":{"line":49,"column":49}}]},"133":{"type":"branch","loc":{"start":{"line":49,"column":236},"end":{"line":49,"column":244}},"locations":[{"start":{"line":49,"column":236},"end":{"line":49,"column":244}}]},"134":{"type":"branch","loc":{"start":{"line":50,"column":199},"end":{"line":50,"column":214}},"locations":[{"start":{"line":50,"column":199},"end":{"line":50,"column":214}}]},"135":{"type":"branch","loc":{"start":{"line":51,"column":290},"end":{"line":51,"column":302}},"locations":[{"start":{"line":51,"column":290},"end":{"line":51,"column":302}}]},"136":{"type":"branch","loc":{"start":{"line":51,"column":392},"end":{"line":51,"column":403}},"locations":[{"start":{"line":51,"column":392},"end":{"line":51,"column":403}}]},"137":{"type":"branch","loc":{"start":{"line":51,"column":450},"end":{"line":51,"column":459}},"locations":[{"start":{"line":51,"column":450},"end":{"line":51,"column":459}}]},"138":{"type":"branch","loc":{"start":{"line":52,"column":153},"end":{"line":52,"column":192}},"locations":[{"start":{"line":52,"column":153},"end":{"line":52,"column":192}}]},"139":{"type":"branch","loc":{"start":{"line":52,"column":222},"end":{"line":52,"column":224}},"locations":[{"start":{"line":52,"column":222},"end":{"line":52,"column":224}}]},"140":{"type":"branch","loc":{"start":{"line":52,"column":244},"end":{"line":52,"column":251}},"locations":[{"start":{"line":52,"column":244},"end":{"line":52,"column":251}}]},"141":{"type":"branch","loc":{"start":{"line":52,"column":358},"end":{"line":54,"column":52}},"locations":[{"start":{"line":52,"column":358},"end":{"line":54,"column":52}}]},"142":{"type":"branch","loc":{"start":{"line":54,"column":59},"end":{"line":54,"column":162}},"locations":[{"start":{"line":54,"column":59},"end":{"line":54,"column":162}}]},"143":{"type":"branch","loc":{"start":{"line":54,"column":330},"end":{"line":54,"column":459}},"locations":[{"start":{"line":54,"column":330},"end":{"line":54,"column":459}}]},"144":{"type":"branch","loc":{"start":{"line":54,"column":466},"end":{"line":55,"column":274}},"locations":[{"start":{"line":54,"column":466},"end":{"line":55,"column":274}}]},"145":{"type":"branch","loc":{"start":{"line":55,"column":298},"end":{"line":55,"column":364}},"locations":[{"start":{"line":55,"column":298},"end":{"line":55,"column":364}}]},"146":{"type":"branch","loc":{"start":{"line":55,"column":392},"end":{"line":55,"column":419}},"locations":[{"start":{"line":55,"column":392},"end":{"line":55,"column":419}}]},"147":{"type":"branch","loc":{"start":{"line":55,"column":421},"end":{"line":55,"column":454}},"locations":[{"start":{"line":55,"column":421},"end":{"line":55,"column":454}}]},"148":{"type":"branch","loc":{"start":{"line":55,"column":491},"end":{"line":55,"column":493}},"locations":[{"start":{"line":55,"column":491},"end":{"line":55,"column":493}}]},"149":{"type":"branch","loc":{"start":{"line":55,"column":545},"end":{"line":56,"column":27}},"locations":[{"start":{"line":55,"column":545},"end":{"line":56,"column":27}}]},"150":{"type":"branch","loc":{"start":{"line":56,"column":38},"end":{"line":56,"column":149}},"locations":[{"start":{"line":56,"column":38},"end":{"line":56,"column":149}}]},"151":{"type":"branch","loc":{"start":{"line":56,"column":160},"end":{"line":56,"column":270}},"locations":[{"start":{"line":56,"column":160},"end":{"line":56,"column":270}}]},"152":{"type":"branch","loc":{"start":{"line":56,"column":462},"end":{"line":56,"column":484}},"locations":[{"start":{"line":56,"column":462},"end":{"line":56,"column":484}}]},"153":{"type":"branch","loc":{"start":{"line":56,"column":496},"end":{"line":61,"column":171}},"locations":[{"start":{"line":56,"column":496},"end":{"line":61,"column":171}}]},"154":{"type":"branch","loc":{"start":{"line":61,"column":174},"end":{"line":61,"column":265}},"locations":[{"start":{"line":61,"column":174},"end":{"line":61,"column":265}}]},"155":{"type":"branch","loc":{"start":{"line":61,"column":319},"end":{"line":61,"column":376}},"locations":[{"start":{"line":61,"column":319},"end":{"line":61,"column":376}}]},"156":{"type":"branch","loc":{"start":{"line":61,"column":380},"end":{"line":61,"column":397}},"locations":[{"start":{"line":61,"column":380},"end":{"line":61,"column":397}}]},"157":{"type":"branch","loc":{"start":{"line":61,"column":400},"end":{"line":62,"column":88}},"locations":[{"start":{"line":61,"column":400},"end":{"line":62,"column":88}}]},"158":{"type":"branch","loc":{"start":{"line":62,"column":95},"end":{"line":62,"column":302}},"locations":[{"start":{"line":62,"column":95},"end":{"line":62,"column":302}}]},"159":{"type":"branch","loc":{"start":{"line":62,"column":304},"end":{"line":62,"column":461}},"locations":[{"start":{"line":62,"column":304},"end":{"line":62,"column":461}}]},"160":{"type":"branch","loc":{"start":{"line":63,"column":31},"end":{"line":63,"column":58}},"locations":[{"start":{"line":63,"column":31},"end":{"line":63,"column":58}}]},"161":{"type":"branch","loc":{"start":{"line":63,"column":101},"end":{"line":63,"column":104}},"locations":[{"start":{"line":63,"column":101},"end":{"line":63,"column":104}}]},"162":{"type":"branch","loc":{"start":{"line":63,"column":113},"end":{"line":63,"column":122}},"locations":[{"start":{"line":63,"column":113},"end":{"line":63,"column":122}}]},"163":{"type":"branch","loc":{"start":{"line":63,"column":203},"end":{"line":63,"column":236}},"locations":[{"start":{"line":63,"column":203},"end":{"line":63,"column":236}}]},"164":{"type":"branch","loc":{"start":{"line":63,"column":252},"end":{"line":63,"column":259}},"locations":[{"start":{"line":63,"column":252},"end":{"line":63,"column":259}}]},"165":{"type":"branch","loc":{"start":{"line":63,"column":269},"end":{"line":63,"column":391}},"locations":[{"start":{"line":63,"column":269},"end":{"line":63,"column":391}}]},"166":{"type":"branch","loc":{"start":{"line":64,"column":277},"end":{"line":64,"column":307}},"locations":[{"start":{"line":64,"column":277},"end":{"line":64,"column":307}}]},"167":{"type":"branch","loc":{"start":{"line":64,"column":405},"end":{"line":64,"column":413}},"locations":[{"start":{"line":64,"column":405},"end":{"line":64,"column":413}}]},"168":{"type":"branch","loc":{"start":{"line":65,"column":211},"end":{"line":65,"column":224}},"locations":[{"start":{"line":65,"column":211},"end":{"line":65,"column":224}}]},"169":{"type":"branch","loc":{"start":{"line":65,"column":274},"end":{"line":65,"column":321}},"locations":[{"start":{"line":65,"column":274},"end":{"line":65,"column":321}}]},"170":{"type":"branch","loc":{"start":{"line":65,"column":332},"end":{"line":65,"column":368}},"locations":[{"start":{"line":65,"column":332},"end":{"line":65,"column":368}}]},"171":{"type":"branch","loc":{"start":{"line":66,"column":224},"end":{"line":66,"column":242}},"locations":[{"start":{"line":66,"column":224},"end":{"line":66,"column":242}}]},"172":{"type":"branch","loc":{"start":{"line":66,"column":258},"end":{"line":66,"column":288}},"locations":[{"start":{"line":66,"column":258},"end":{"line":66,"column":288}}]},"173":{"type":"branch","loc":{"start":{"line":66,"column":341},"end":{"line":66,"column":371}},"locations":[{"start":{"line":66,"column":341},"end":{"line":66,"column":371}}]},"174":{"type":"branch","loc":{"start":{"line":67,"column":315},"end":{"line":67,"column":400}},"locations":[{"start":{"line":67,"column":315},"end":{"line":67,"column":400}}]},"175":{"type":"branch","loc":{"start":{"line":67,"column":407},"end":{"line":67,"column":499}},"locations":[{"start":{"line":67,"column":407},"end":{"line":67,"column":499}}]},"176":{"type":"branch","loc":{"start":{"line":68,"column":202},"end":{"line":71,"column":133}},"locations":[{"start":{"line":68,"column":202},"end":{"line":71,"column":133}}]},"177":{"type":"branch","loc":{"start":{"line":71,"column":149},"end":{"line":71,"column":192}},"locations":[{"start":{"line":71,"column":149},"end":{"line":71,"column":192}}]},"178":{"type":"branch","loc":{"start":{"line":71,"column":342},"end":{"line":71,"column":375}},"locations":[{"start":{"line":71,"column":342},"end":{"line":71,"column":375}}]},"179":{"type":"branch","loc":{"start":{"line":72,"column":147},"end":{"line":72,"column":176}},"locations":[{"start":{"line":72,"column":147},"end":{"line":72,"column":176}}]},"180":{"type":"branch","loc":{"start":{"line":72,"column":248},"end":{"line":72,"column":316}},"locations":[{"start":{"line":72,"column":248},"end":{"line":72,"column":316}}]},"181":{"type":"branch","loc":{"start":{"line":73,"column":303},"end":{"line":73,"column":332}},"locations":[{"start":{"line":73,"column":303},"end":{"line":73,"column":332}}]},"182":{"type":"branch","loc":{"start":{"line":73,"column":359},"end":{"line":73,"column":372}},"locations":[{"start":{"line":73,"column":359},"end":{"line":73,"column":372}}]},"183":{"type":"branch","loc":{"start":{"line":77,"column":249},"end":{"line":77,"column":282}},"locations":[{"start":{"line":77,"column":249},"end":{"line":77,"column":282}}]},"184":{"type":"branch","loc":{"start":{"line":77,"column":402},"end":{"line":77,"column":432}},"locations":[{"start":{"line":77,"column":402},"end":{"line":77,"column":432}}]},"185":{"type":"branch","loc":{"start":{"line":78,"column":67},"end":{"line":78,"column":174}},"locations":[{"start":{"line":78,"column":67},"end":{"line":78,"column":174}}]},"186":{"type":"branch","loc":{"start":{"line":79,"column":223},"end":{"line":79,"column":299}},"locations":[{"start":{"line":79,"column":223},"end":{"line":79,"column":299}}]},"187":{"type":"branch","loc":{"start":{"line":85,"column":403},"end":{"line":85,"column":434}},"locations":[{"start":{"line":85,"column":403},"end":{"line":85,"column":434}}]},"188":{"type":"branch","loc":{"start":{"line":85,"column":470},"end":{"line":85,"column":502}},"locations":[{"start":{"line":85,"column":470},"end":{"line":85,"column":502}}]},"189":{"type":"branch","loc":{"start":{"line":86,"column":35},"end":{"line":86,"column":63}},"locations":[{"start":{"line":86,"column":35},"end":{"line":86,"column":63}}]},"190":{"type":"branch","loc":{"start":{"line":86,"column":71},"end":{"line":86,"column":108}},"locations":[{"start":{"line":86,"column":71},"end":{"line":86,"column":108}}]},"191":{"type":"branch","loc":{"start":{"line":86,"column":110},"end":{"line":86,"column":123}},"locations":[{"start":{"line":86,"column":110},"end":{"line":86,"column":123}}]},"192":{"type":"branch","loc":{"start":{"line":86,"column":130},"end":{"line":86,"column":170}},"locations":[{"start":{"line":86,"column":130},"end":{"line":86,"column":170}}]},"193":{"type":"branch","loc":{"start":{"line":87,"column":63},"end":{"line":87,"column":155}},"locations":[{"start":{"line":87,"column":63},"end":{"line":87,"column":155}}]},"194":{"type":"branch","loc":{"start":{"line":87,"column":213},"end":{"line":87,"column":264}},"locations":[{"start":{"line":87,"column":213},"end":{"line":87,"column":264}}]},"195":{"type":"branch","loc":{"start":{"line":87,"column":329},"end":{"line":87,"column":397}},"locations":[{"start":{"line":87,"column":329},"end":{"line":87,"column":397}}]},"196":{"type":"branch","loc":{"start":{"line":87,"column":407},"end":{"line":87,"column":409}},"locations":[{"start":{"line":87,"column":407},"end":{"line":87,"column":409}}]},"197":{"type":"branch","loc":{"start":{"line":87,"column":433},"end":{"line":87,"column":461}},"locations":[{"start":{"line":87,"column":433},"end":{"line":87,"column":461}}]},"198":{"type":"branch","loc":{"start":{"line":87,"column":463},"end":{"line":87,"column":524}},"locations":[{"start":{"line":87,"column":463},"end":{"line":87,"column":524}}]},"199":{"type":"branch","loc":{"start":{"line":88,"column":102},"end":{"line":88,"column":285}},"locations":[{"start":{"line":88,"column":102},"end":{"line":88,"column":285}}]},"200":{"type":"branch","loc":{"start":{"line":88,"column":318},"end":{"line":88,"column":362}},"locations":[{"start":{"line":88,"column":318},"end":{"line":88,"column":362}}]},"201":{"type":"branch","loc":{"start":{"line":89,"column":69},"end":{"line":89,"column":95}},"locations":[{"start":{"line":89,"column":69},"end":{"line":89,"column":95}}]},"202":{"type":"branch","loc":{"start":{"line":89,"column":193},"end":{"line":89,"column":218}},"locations":[{"start":{"line":89,"column":193},"end":{"line":89,"column":218}}]},"203":{"type":"branch","loc":{"start":{"line":89,"column":287},"end":{"line":89,"column":338}},"locations":[{"start":{"line":89,"column":287},"end":{"line":89,"column":338}}]},"204":{"type":"branch","loc":{"start":{"line":89,"column":341},"end":{"line":89,"column":427}},"locations":[{"start":{"line":89,"column":341},"end":{"line":89,"column":427}}]},"205":{"type":"branch","loc":{"start":{"line":89,"column":435},"end":{"line":89,"column":446}},"locations":[{"start":{"line":89,"column":435},"end":{"line":89,"column":446}}]},"206":{"type":"branch","loc":{"start":{"line":90,"column":27},"end":{"line":90,"column":87}},"locations":[{"start":{"line":90,"column":27},"end":{"line":90,"column":87}}]},"207":{"type":"branch","loc":{"start":{"line":90,"column":159},"end":{"line":90,"column":198}},"locations":[{"start":{"line":90,"column":159},"end":{"line":90,"column":198}}]},"208":{"type":"branch","loc":{"start":{"line":90,"column":250},"end":{"line":92,"column":4}},"locations":[{"start":{"line":90,"column":250},"end":{"line":92,"column":4}}]},"209":{"type":"branch","loc":{"start":{"line":92,"column":340},"end":{"line":92,"column":408}},"locations":[{"start":{"line":92,"column":340},"end":{"line":92,"column":408}}]},"210":{"type":"branch","loc":{"start":{"line":92,"column":422},"end":{"line":92,"column":472}},"locations":[{"start":{"line":92,"column":422},"end":{"line":92,"column":472}}]},"211":{"type":"branch","loc":{"start":{"line":92,"column":484},"end":{"line":92,"column":486}},"locations":[{"start":{"line":92,"column":484},"end":{"line":92,"column":486}}]},"212":{"type":"branch","loc":{"start":{"line":93,"column":2},"end":{"line":93,"column":7}},"locations":[{"start":{"line":93,"column":2},"end":{"line":93,"column":7}}]},"213":{"type":"branch","loc":{"start":{"line":93,"column":35},"end":{"line":93,"column":45}},"locations":[{"start":{"line":93,"column":35},"end":{"line":93,"column":45}}]},"214":{"type":"branch","loc":{"start":{"line":93,"column":53},"end":{"line":93,"column":55}},"locations":[{"start":{"line":93,"column":53},"end":{"line":93,"column":55}}]},"215":{"type":"branch","loc":{"start":{"line":94,"column":435},"end":{"line":95,"column":3}},"locations":[{"start":{"line":94,"column":435},"end":{"line":95,"column":3}}]},"216":{"type":"branch","loc":{"start":{"line":95,"column":254},"end":{"line":95,"column":339}},"locations":[{"start":{"line":95,"column":254},"end":{"line":95,"column":339}}]},"217":{"type":"branch","loc":{"start":{"line":96,"column":77},"end":{"line":96,"column":121}},"locations":[{"start":{"line":96,"column":77},"end":{"line":96,"column":121}}]},"218":{"type":"branch","loc":{"start":{"line":96,"column":130},"end":{"line":96,"column":237}},"locations":[{"start":{"line":96,"column":130},"end":{"line":96,"column":237}}]},"219":{"type":"branch","loc":{"start":{"line":96,"column":251},"end":{"line":96,"column":264}},"locations":[{"start":{"line":96,"column":251},"end":{"line":96,"column":264}}]},"220":{"type":"branch","loc":{"start":{"line":96,"column":267},"end":{"line":96,"column":270}},"locations":[{"start":{"line":96,"column":267},"end":{"line":96,"column":270}}]},"221":{"type":"branch","loc":{"start":{"line":97,"column":14},"end":{"line":97,"column":110}},"locations":[{"start":{"line":97,"column":14},"end":{"line":97,"column":110}}]},"222":{"type":"branch","loc":{"start":{"line":97,"column":360},"end":{"line":97,"column":409}},"locations":[{"start":{"line":97,"column":360},"end":{"line":97,"column":409}}]},"223":{"type":"branch","loc":{"start":{"line":97,"column":431},"end":{"line":98,"column":9}},"locations":[{"start":{"line":97,"column":431},"end":{"line":98,"column":9}}]},"224":{"type":"branch","loc":{"start":{"line":98,"column":17},"end":{"line":98,"column":74}},"locations":[{"start":{"line":98,"column":17},"end":{"line":98,"column":74}}]},"225":{"type":"branch","loc":{"start":{"line":99,"column":192},"end":{"line":99,"column":227}},"locations":[{"start":{"line":99,"column":192},"end":{"line":99,"column":227}}]},"226":{"type":"branch","loc":{"start":{"line":99,"column":231},"end":{"line":99,"column":351}},"locations":[{"start":{"line":99,"column":231},"end":{"line":99,"column":351}}]},"227":{"type":"branch","loc":{"start":{"line":99,"column":353},"end":{"line":99,"column":381}},"locations":[{"start":{"line":99,"column":353},"end":{"line":99,"column":381}}]},"228":{"type":"branch","loc":{"start":{"line":99,"column":390},"end":{"line":100,"column":129}},"locations":[{"start":{"line":99,"column":390},"end":{"line":100,"column":129}}]},"229":{"type":"branch","loc":{"start":{"line":100,"column":132},"end":{"line":100,"column":178}},"locations":[{"start":{"line":100,"column":132},"end":{"line":100,"column":178}}]},"230":{"type":"branch","loc":{"start":{"line":100,"column":196},"end":{"line":100,"column":264}},"locations":[{"start":{"line":100,"column":196},"end":{"line":100,"column":264}}]},"231":{"type":"branch","loc":{"start":{"line":100,"column":273},"end":{"line":100,"column":283}},"locations":[{"start":{"line":100,"column":273},"end":{"line":100,"column":283}}]},"232":{"type":"branch","loc":{"start":{"line":100,"column":290},"end":{"line":100,"column":321}},"locations":[{"start":{"line":100,"column":290},"end":{"line":100,"column":321}}]},"233":{"type":"branch","loc":{"start":{"line":100,"column":338},"end":{"line":100,"column":340}},"locations":[{"start":{"line":100,"column":338},"end":{"line":100,"column":340}}]},"234":{"type":"branch","loc":{"start":{"line":100,"column":448},"end":{"line":100,"column":450}},"locations":[{"start":{"line":100,"column":448},"end":{"line":100,"column":450}}]},"235":{"type":"branch","loc":{"start":{"line":101,"column":542},"end":{"line":102,"column":39}},"locations":[{"start":{"line":101,"column":542},"end":{"line":102,"column":39}}]},"236":{"type":"branch","loc":{"start":{"line":102,"column":67},"end":{"line":102,"column":85}},"locations":[{"start":{"line":102,"column":67},"end":{"line":102,"column":85}}]},"237":{"type":"branch","loc":{"start":{"line":104,"column":101},"end":{"line":104,"column":171}},"locations":[{"start":{"line":104,"column":101},"end":{"line":104,"column":171}}]},"238":{"type":"branch","loc":{"start":{"line":104,"column":178},"end":{"line":104,"column":249}},"locations":[{"start":{"line":104,"column":178},"end":{"line":104,"column":249}}]},"239":{"type":"branch","loc":{"start":{"line":104,"column":268},"end":{"line":104,"column":270}},"locations":[{"start":{"line":104,"column":268},"end":{"line":104,"column":270}}]},"240":{"type":"branch","loc":{"start":{"line":104,"column":350},"end":{"line":104,"column":366}},"locations":[{"start":{"line":104,"column":350},"end":{"line":104,"column":366}}]},"241":{"type":"branch","loc":{"start":{"line":104,"column":459},"end":{"line":104,"column":475}},"locations":[{"start":{"line":104,"column":459},"end":{"line":104,"column":475}}]},"242":{"type":"branch","loc":{"start":{"line":104,"column":501},"end":{"line":105,"column":0}},"locations":[{"start":{"line":104,"column":501},"end":{"line":105,"column":0}}]},"243":{"type":"branch","loc":{"start":{"line":106,"column":232},"end":{"line":106,"column":373}},"locations":[{"start":{"line":106,"column":232},"end":{"line":106,"column":373}}]},"244":{"type":"branch","loc":{"start":{"line":106,"column":445},"end":{"line":106,"column":455}},"locations":[{"start":{"line":106,"column":445},"end":{"line":106,"column":455}}]},"245":{"type":"branch","loc":{"start":{"line":106,"column":506},"end":{"line":107,"column":26}},"locations":[{"start":{"line":106,"column":506},"end":{"line":107,"column":26}}]},"246":{"type":"branch","loc":{"start":{"line":107,"column":28},"end":{"line":107,"column":53}},"locations":[{"start":{"line":107,"column":28},"end":{"line":107,"column":53}}]},"247":{"type":"branch","loc":{"start":{"line":108,"column":95},"end":{"line":108,"column":185}},"locations":[{"start":{"line":108,"column":95},"end":{"line":108,"column":185}}]},"248":{"type":"branch","loc":{"start":{"line":108,"column":294},"end":{"line":108,"column":380}},"locations":[{"start":{"line":108,"column":294},"end":{"line":108,"column":380}}]},"249":{"type":"branch","loc":{"start":{"line":108,"column":415},"end":{"line":108,"column":466}},"locations":[{"start":{"line":108,"column":415},"end":{"line":108,"column":466}}]},"250":{"type":"branch","loc":{"start":{"line":109,"column":94},"end":{"line":109,"column":103}},"locations":[{"start":{"line":109,"column":94},"end":{"line":109,"column":103}}]},"251":{"type":"branch","loc":{"start":{"line":109,"column":278},"end":{"line":109,"column":316}},"locations":[{"start":{"line":109,"column":278},"end":{"line":109,"column":316}}]},"252":{"type":"branch","loc":{"start":{"line":109,"column":401},"end":{"line":109,"column":416}},"locations":[{"start":{"line":109,"column":401},"end":{"line":109,"column":416}}]},"253":{"type":"branch","loc":{"start":{"line":109,"column":469},"end":{"line":110,"column":0}},"locations":[{"start":{"line":109,"column":469},"end":{"line":110,"column":0}}]},"254":{"type":"branch","loc":{"start":{"line":110,"column":279},"end":{"line":110,"column":316}},"locations":[{"start":{"line":110,"column":279},"end":{"line":110,"column":316}}]},"255":{"type":"branch","loc":{"start":{"line":110,"column":327},"end":{"line":110,"column":340}},"locations":[{"start":{"line":110,"column":327},"end":{"line":110,"column":340}}]},"256":{"type":"branch","loc":{"start":{"line":111,"column":94},"end":{"line":111,"column":196}},"locations":[{"start":{"line":111,"column":94},"end":{"line":111,"column":196}}]},"257":{"type":"branch","loc":{"start":{"line":111,"column":205},"end":{"line":111,"column":213}},"locations":[{"start":{"line":111,"column":205},"end":{"line":111,"column":213}}]},"258":{"type":"branch","loc":{"start":{"line":112,"column":28},"end":{"line":112,"column":94}},"locations":[{"start":{"line":112,"column":28},"end":{"line":112,"column":94}}]},"259":{"type":"branch","loc":{"start":{"line":112,"column":97},"end":{"line":112,"column":174}},"locations":[{"start":{"line":112,"column":97},"end":{"line":112,"column":174}}]},"260":{"type":"branch","loc":{"start":{"line":112,"column":195},"end":{"line":112,"column":211}},"locations":[{"start":{"line":112,"column":195},"end":{"line":112,"column":211}}]},"261":{"type":"branch","loc":{"start":{"line":112,"column":214},"end":{"line":112,"column":296}},"locations":[{"start":{"line":112,"column":214},"end":{"line":112,"column":296}}]},"262":{"type":"branch","loc":{"start":{"line":112,"column":379},"end":{"line":112,"column":476}},"locations":[{"start":{"line":112,"column":379},"end":{"line":112,"column":476}}]},"263":{"type":"branch","loc":{"start":{"line":113,"column":344},"end":{"line":113,"column":378}},"locations":[{"start":{"line":113,"column":344},"end":{"line":113,"column":378}}]},"264":{"type":"branch","loc":{"start":{"line":122,"column":294},"end":{"line":122,"column":341}},"locations":[{"start":{"line":122,"column":294},"end":{"line":122,"column":341}}]},"265":{"type":"branch","loc":{"start":{"line":123,"column":283},"end":{"line":123,"column":387}},"locations":[{"start":{"line":123,"column":283},"end":{"line":123,"column":387}}]},"266":{"type":"branch","loc":{"start":{"line":128,"column":118},"end":{"line":128,"column":157}},"locations":[{"start":{"line":128,"column":118},"end":{"line":128,"column":157}}]},"267":{"type":"branch","loc":{"start":{"line":128,"column":181},"end":{"line":128,"column":201}},"locations":[{"start":{"line":128,"column":181},"end":{"line":128,"column":201}}]},"268":{"type":"branch","loc":{"start":{"line":128,"column":210},"end":{"line":128,"column":216}},"locations":[{"start":{"line":128,"column":210},"end":{"line":128,"column":216}}]},"269":{"type":"branch","loc":{"start":{"line":128,"column":240},"end":{"line":128,"column":262}},"locations":[{"start":{"line":128,"column":240},"end":{"line":128,"column":262}}]},"270":{"type":"branch","loc":{"start":{"line":128,"column":282},"end":{"line":128,"column":317}},"locations":[{"start":{"line":128,"column":282},"end":{"line":128,"column":317}}]},"271":{"type":"branch","loc":{"start":{"line":131,"column":83},"end":{"line":131,"column":110}},"locations":[{"start":{"line":131,"column":83},"end":{"line":131,"column":110}}]},"272":{"type":"branch","loc":{"start":{"line":131,"column":119},"end":{"line":131,"column":123}},"locations":[{"start":{"line":131,"column":119},"end":{"line":131,"column":123}}]},"273":{"type":"branch","loc":{"start":{"line":132,"column":366},"end":{"line":132,"column":391}},"locations":[{"start":{"line":132,"column":366},"end":{"line":132,"column":391}}]},"274":{"type":"branch","loc":{"start":{"line":132,"column":399},"end":{"line":132,"column":434}},"locations":[{"start":{"line":132,"column":399},"end":{"line":132,"column":434}}]},"275":{"type":"branch","loc":{"start":{"line":132,"column":463},"end":{"line":132,"column":469}},"locations":[{"st
[...]
87":1,"1188":1,"1189":0,"1190":0,"1191":0,"1192":0,"1193":0,"1194":0,"1195":0,"1196":1,"1197":1,"1198":1,"1199":1,"1200":1,"1201":1,"1202":1,"1203":0,"1204":0,"1205":0,"1206":0,"1207":0,"1208":0,"1209":0,"1210":0,"1211":0,"1212":0,"1213":0,"1214":0,"1215":0,"1216":0,"1217":0,"1218":0,"1219":0,"1220":0,"1221":0,"1222":0,"1223":0,"1224":0,"1225":0,"1226":0,"1227":0,"1228":0,"1229":0,"1230":0,"1231":0,"1232":0,"1233":0,"1234":0,"1235":0,"1236":0,"1237":0,"1238":0,"1239":0,"1240":0,"1241":0,"1242":0,"1243":0,"1244":0,"1245":0,"1246":0,"1247":0,"1248":0,"1249":0,"1250":0,"1251":0,"1252":0,"1253":0,"1254":0,"1255":0,"1256":0,"1257":0,"1258":0,"1259":0,"1260":0,"1261":0,"1262":0,"1263":0,"1264":0,"1265":0,"1266":0,"1267":0,"1268":0,"1269":0,"1270":0,"1271":0,"1272":0,"1273":0,"1274":0,"1275":0,"1276":0,"1277":0,"1278":0,"1279":0,"1280":0,"1281":0,"1282":0,"1283":0,"1284":0,"1285":0,"1286":0,"1287":0,"1288":0,"1289":0,"1290":0,"1291":0,"1292":0,"1293":0,"1294":0,"1295":0,"1296":0,"1297":0,"1298":0,"1299":0,"1300":0,"1301":0,"1302":0,"1303":0,"1304":0,"1305":0,"1306":0,"1307":0,"1308":0,"1309":0,"1310":0,"1311":0,"1312":0,"1313":0,"1314":0,"1315":0,"1316":0,"1317":0,"1318":0,"1319":0,"1320":0,"1321":0,"1322":0,"1323":0,"1324":0,"1325":0,"1326":0,"1327":0,"1328":0,"1329":0,"1330":0,"1331":0,"1332":0,"1333":0,"1334":0,"1335":0,"1336":0,"1337":0,"1338":0,"1339":0,"1340":0,"1341":1,"1342":1,"1343":1,"1344":0,"1345":0,"1346":1,"1347":1,"1348":1,"1349":1,"1350":1,"1351":1,"1352":1,"1353":1,"1354":1,"1355":1,"1356":1,"1357":1,"1358":1,"1359":0,"1360":0,"1361":0,"1362":0,"1363":0,"1364":0,"1365":0,"1366":0,"1367":0,"1368":0,"1369":0,"1370":0,"1371":0,"1372":0,"1373":0,"1374":0,"1375":0,"1376":0,"1377":0,"1378":0,"1379":0,"1380":0,"1381":0,"1382":0,"1383":1,"1384":1,"1385":1,"1386":0,"1387":0,"1388":1,"1389":1,"1390":1,"1391":1,"1392":1,"1393":1,"1394":1,"1395":1,"1396":1,"1397":0,"1398":0,"1399":1,"1400":1,"1401":1,"1402":1,"1403":1,"1404":1,"1405":1,"1406":1,"1407":1,"1408":0,"1409":0,"1410":1,"1411":1,"1412":1,"1413":1,"1414":1,"1415":1,"1416":1,"1417":1,"1418":1,"1419":1,"1420":0,"1421":0,"1422":1,"1423":1,"1424":1,"1425":1,"1426":1,"1427":1,"1428":1,"1429":1,"1430":1,"1431":0,"1432":0,"1433":1,"1434":1,"1435":1,"1436":1,"1437":1,"1438":1,"1439":1,"1440":1,"1441":1,"1442":1,"1443":1,"1444":1,"1445":1,"1446":1,"1447":1,"1448":0,"1449":0,"1450":0,"1451":0,"1452":0,"1453":0,"1454":0,"1455":0,"1456":0,"1457":0,"1458":0,"1459":0,"1460":0,"1461":0,"1462":0,"1463":0,"1464":0,"1465":0,"1466":0,"1467":0,"1468":0,"1469":0,"1470":0,"1471":0,"1472":0,"1473":1,"1474":1,"1475":1,"1476":0,"1477":0,"1478":1,"1479":1,"1480":1,"1481":1,"1482":1,"1483":1,"1484":1,"1485":1,"1486":1,"1487":0,"1488":0,"1489":1,"1490":1,"1491":1,"1492":1,"1493":1,"1494":1,"1495":1,"1496":1,"1497":1,"1498":0,"1499":0,"1500":1,"1501":1,"1502":1,"1503":1,"1504":1,"1505":1,"1506":1,"1507":1,"1508":1,"1509":1,"1510":0,"1511":0,"1512":1,"1513":1,"1514":1,"1515":1,"1516":1,"1517":1,"1518":1,"1519":1,"1520":1,"1521":0,"1522":0,"1523":1,"1524":1,"1525":1,"1526":1,"1527":1,"1528":1,"1529":1,"1530":1,"1531":1,"1532":1,"1533":1,"1534":1,"1535":1,"1536":1,"1537":1,"1538":0,"1539":0,"1540":0,"1541":0,"1542":0,"1543":0,"1544":0,"1545":0,"1546":0,"1547":0,"1548":0,"1549":0,"1550":0,"1551":0,"1552":0,"1553":0,"1554":0,"1555":0,"1556":0,"1557":0,"1558":0,"1559":0,"1560":0,"1561":1,"1562":1,"1563":0,"1564":0,"1565":0,"1566":0,"1567":0,"1568":0,"1569":0,"1570":0,"1571":0,"1572":0,"1573":0,"1574":0,"1575":0,"1576":0,"1577":0,"1578":0,"1579":0,"1580":0,"1581":0,"1582":0,"1583":0,"1584":0,"1585":0,"1586":0,"1587":0,"1588":0,"1589":0,"1590":0,"1591":0,"1592":0,"1593":0,"1594":0,"1595":0,"1596":0,"1597":0,"1598":0,"1599":0,"1600":0,"1601":0,"1602":0,"1603":0,"1604":0,"1605":0,"1606":0,"1607":0,"1608":0,"1609":0,"1610":0,"1611":0,"1612":0,"1613":0,"1614":0,"1615":0,"1616":0,"1617":0,"1618":0,"1619":0,"1620":0,"1621":0,"1622":0,"1623":0,"1624":0,"1625":0,"1626":0,"1627":0,"1628":0,"1629":0,"1630":0,"1631":0,"1632":0,"1633":0,"1634":0,"1635":0,"1636":0,"1637":0,"1638":0,"1639":0,"1640":0,"1641":0,"1642":0,"1643":0,"1644":0,"1645":0,"1646":0,"1647":0,"1648":0,"1649":0,"1650":0,"1651":0,"1652":0,"1653":0,"1654":0,"1655":0,"1656":0,"1657":0,"1658":0,"1659":0,"1660":0,"1661":0,"1662":0,"1663":0,"1664":0,"1665":0,"1666":0,"1667":0,"1668":0,"1669":0,"1670":0,"1671":0,"1672":0,"1673":0,"1674":0,"1675":0,"1676":0,"1677":0,"1678":0,"1679":0,"1680":0,"1681":0,"1682":0,"1683":0,"1684":0,"1685":0,"1686":0,"1687":0,"1688":0,"1689":0,"1690":0,"1691":0,"1692":0,"1693":0,"1694":0,"1695":0,"1696":0,"1697":0,"1698":0,"1699":0,"1700":0,"1701":0,"1702":0,"1703":0,"1704":0,"1705":0,"1706":0,"1707":0,"1708":0,"1709":0,"1710":0,"1711":0,"1712":0,"1713":0,"1714":0,"1715":0,"1716":0,"1717":0,"1718":0,"1719":0,"1720":0,"1721":0,"1722":0,"1723":0,"1724":0,"1725":0,"1726":0,"1727":0,"1728":0,"1729":0,"1730":0,"1731":0,"1732":0,"1733":0,"1734":0,"1735":0,"1736":0,"1737":0,"1738":0,"1739":0,"1740":0,"1741":0,"1742":0,"1743":0,"1744":0,"1745":0,"1746":0,"1747":0,"1748":0,"1749":0,"1750":0,"1751":0,"1752":0,"1753":0,"1754":0,"1755":0,"1756":0,"1757":0,"1758":0,"1759":0,"1760":0,"1761":0,"1762":0,"1763":0,"1764":0,"1765":0,"1766":0,"1767":0,"1768":0,"1769":0,"1770":0,"1771":0,"1772":0,"1773":0,"1774":0,"1775":0,"1776":0,"1777":0,"1778":0,"1779":0,"1780":0,"1781":0,"1782":0,"1783":0,"1784":0,"1785":0,"1786":0,"1787":0,"1788":0,"1789":0,"1790":0,"1791":0,"1792":0,"1793":0,"1794":0,"1795":0,"1796":0,"1797":0,"1798":0,"1799":0,"1800":0,"1801":0,"1802":0,"1803":0,"1804":0,"1805":0,"1806":0,"1807":0,"1808":0,"1809":0,"1810":0,"1811":0,"1812":0,"1813":0,"1814":0,"1815":0,"1816":0,"1817":0,"1818":0,"1819":0,"1820":0,"1821":0,"1822":0,"1823":0,"1824":0,"1825":0,"1826":0,"1827":0,"1828":0,"1829":0,"1830":0,"1831":0,"1832":0,"1833":1,"1834":1,"1835":1,"1836":0,"1837":0,"1838":1,"1839":1,"1840":1,"1841":1,"1842":1,"1843":0,"1844":0,"1845":1,"1846":1,"1847":0,"1848":0,"1849":1,"1850":1,"1851":1,"1852":0,"1853":0,"1854":1,"1855":1,"1856":1,"1857":1,"1858":1,"1859":0,"1860":0,"1861":0,"1862":0,"1863":0,"1864":0,"1865":0,"1866":0,"1867":1,"1868":1,"1869":0,"1870":0,"1871":1,"1872":1,"1873":1,"1874":0,"1875":0,"1876":1,"1877":1,"1878":0,"1879":0,"1880":0,"1881":0,"1882":0,"1883":0,"1884":0,"1885":0,"1886":0,"1887":0,"1888":0,"1889":0,"1890":1,"1891":1,"1892":0,"1893":0,"1894":1,"1895":1,"1896":0,"1897":0,"1898":1,"1899":1,"1900":0,"1901":0,"1902":0},"branchMap":{"0":{"type":"branch","loc":{"start":{"line":467,"column":0},"end":{"line":469,"column":1}},"locations":[{"start":{"line":467,"column":0},"end":{"line":469,"column":1}}]},"1":{"type":"branch","loc":{"start":{"line":471,"column":0},"end":{"line":475,"column":1}},"locations":[{"start":{"line":471,"column":0},"end":{"line":475,"column":1}}]},"2":{"type":"branch","loc":{"start":{"line":484,"column":0},"end":{"line":489,"column":1}},"locations":[{"start":{"line":484,"column":0},"end":{"line":489,"column":1}}]},"3":{"type":"branch","loc":{"start":{"line":491,"column":0},"end":{"line":495,"column":1}},"locations":[{"start":{"line":491,"column":0},"end":{"line":495,"column":1}}]},"4":{"type":"branch","loc":{"start":{"line":497,"column":0},"end":{"line":502,"column":1}},"locations":[{"start":{"line":497,"column":0},"end":{"line":502,"column":1}}]},"5":{"type":"branch","loc":{"start":{"line":509,"column":0},"end":{"line":514,"column":1}},"locations":[{"start":{"line":509,"column":0},"end":{"line":514,"column":1}}]},"6":{"type":"branch","loc":{"start":{"line":516,"column":0},"end":{"line":519,"column":1}},"locations":[{"start":{"line":516,"column":0},"end":{"line":519,"column":1}}]},"7":{"type":"branch","loc":{"start":{"line":521,"column":0},"end":{"line":524,"column":1}},"locations":[{"start":{"line":521,"column":0},"end":{"line":524,"column":1}}]},"8":{"type":"branch","loc":{"start":{"line":526,"column":0},"end":{"line":530,"column":1}},"locations":[{"start":{"line":526,"column":0},"end":{"line":530,"column":1}}]},"9":{"type":"branch","loc":{"start":{"line":532,"column":0},"end":{"line":536,"column":1}},"locations":[{"start":{"line":532,"column":0},"end":{"line":536,"column":1}}]},"10":{"type":"branch","loc":{"start":{"line":538,"column":0},"end":{"line":543,"column":1}},"locations":[{"start":{"line":538,"column":0},"end":{"line":543,"column":1}}]},"11":{"type":"branch","loc":{"start":{"line":584,"column":0},"end":{"line":589,"column":1}},"locations":[{"start":{"line":584,"column":0},"end":{"line":589,"column":1}}]},"12":{"type":"branch","loc":{"start":{"line":591,"column":0},"end":{"line":596,"column":1}},"locations":[{"start":{"line":591,"column":0},"end":{"line":596,"column":1}}]},"13":{"type":"branch","loc":{"start":{"line":603,"column":0},"end":{"line":607,"column":1}},"locations":[{"start":{"line":603,"column":0},"end":{"line":607,"column":1}}]},"14":{"type":"branch","loc":{"start":{"line":652,"column":0},"end":{"line":667,"column":1}},"locations":[{"start":{"line":652,"column":0},"end":{"line":667,"column":1}}]},"15":{"type":"branch","loc":{"start":{"line":669,"column":0},"end":{"line":672,"column":1}},"locations":[{"start":{"line":669,"column":0},"end":{"line":672,"column":1}}]},"16":{"type":"branch","loc":{"start":{"line":700,"column":0},"end":{"line":706,"column":1}},"locations":[{"start":{"line":700,"column":0},"end":{"line":706,"column":1}}]},"17":{"type":"branch","loc":{"start":{"line":708,"column":0},"end":{"line":717,"column":1}},"locations":[{"start":{"line":708,"column":0},"end":{"line":717,"column":1}}]},"18":{"type":"branch","loc":{"start":{"line":723,"column":0},"end":{"line":728,"column":1}},"locations":[{"start":{"line":723,"column":0},"end":{"line":728,"column":1}}]},"19":{"type":"branch","loc":{"start":{"line":733,"column":0},"end":{"line":737,"column":1}},"locations":[{"start":{"line":733,"column":0},"end":{"line":737,"column":1}}]},"20":{"type":"branch","loc":{"start":{"line":739,"column":0},"end":{"line":741,"column":1}},"locations":[{"start":{"line":739,"column":0},"end":{"line":741,"column":1}}]},"21":{"type":"branch","loc":{"start":{"line":759,"column":0},"end":{"line":765,"column":1}},"locations":[{"start":{"line":759,"column":0},"end":{"line":765,"column":1}}]},"22":{"type":"branch","loc":{"start":{"line":1002,"column":0},"end":{"line":1005,"column":1}},"locations":[{"start":{"line":1002,"column":0},"end":{"line":1005,"column":1}}]},"23":{"type":"branch","loc":{"start":{"line":1007,"column":0},"end":{"line":1011,"column":1}},"locations":[{"start":{"line":1007,"column":0},"end":{"line":1011,"column":1}}]},"24":{"type":"branch","loc":{"start":{"line":1015,"column":0},"end":{"line":1018,"column":1}},"locations":[{"start":{"line":1015,"column":0},"end":{"line":1018,"column":1}}]},"25":{"type":"branch","loc":{"start":{"line":1049,"column":0},"end":{"line":1056,"column":1}},"locations":[{"start":{"line":1049,"column":0},"end":{"line":1056,"column":1}}]},"26":{"type":"branch","loc":{"start":{"line":1058,"column":0},"end":{"line":1061,"column":1}},"locations":[{"start":{"line":1058,"column":0},"end":{"line":1061,"column":1}}]},"27":{"type":"branch","loc":{"start":{"line":1074,"column":0},"end":{"line":1077,"column":1}},"locations":[{"start":{"line":1074,"column":0},"end":{"line":1077,"column":1}}]},"28":{"type":"branch","loc":{"start":{"line":1078,"column":0},"end":{"line":1082,"column":1}},"locations":[{"start":{"line":1078,"column":0},"end":{"line":1082,"column":1}}]},"29":{"type":"branch","loc":{"start":{"line":1083,"column":0},"end":{"line":1099,"column":1}},"locations":[{"start":{"line":1083,"column":0},"end":{"line":1099,"column":1}}]},"30":{"type":"branch","loc":{"start":{"line":1101,"column":0},"end":{"line":1110,"column":1}},"locations":[{"start":{"line":1101,"column":0},"end":{"line":1110,"column":1}}]},"31":{"type":"branch","loc":{"start":{"line":1112,"column":0},"end":{"line":1122,"column":1}},"locations":[{"start":{"line":1112,"column":0},"end":{"line":1122,"column":1}}]},"32":{"type":"branch","loc":{"start":{"line":1124,"column":0},"end":{"line":1129,"column":1}},"locations":[{"start":{"line":1124,"column":0},"end":{"line":1129,"column":1}}]},"33":{"type":"branch","loc":{"start":{"line":1131,"column":0},"end":{"line":1137,"column":1}},"locations":[{"start":{"line":1131,"column":0},"end":{"line":1137,"column":1}}]},"34":{"type":"branch","loc":{"start":{"line":1139,"column":0},"end":{"line":1144,"column":1}},"locations":[{"start":{"line":1139,"column":0},"end":{"line":1144,"column":1}}]},"35":{"type":"branch","loc":{"start":{"line":1155,"column":0},"end":{"line":1159,"column":1}},"locations":[{"start":{"line":1155,"column":0},"end":{"line":1159,"column":1}}]},"36":{"type":"branch","loc":{"start":{"line":1187,"column":0},"end":{"line":1190,"column":1}},"locations":[{"start":{"line":1187,"column":0},"end":{"line":1190,"column":1}}]},"37":{"type":"branch","loc":{"start":{"line":1197,"column":0},"end":{"line":1204,"column":1}},"locations":[{"start":{"line":1197,"column":0},"end":{"line":1204,"column":1}}]},"38":{"type":"branch","loc":{"start":{"line":1342,"column":0},"end":{"line":1345,"column":1}},"locations":[{"start":{"line":1342,"column":0},"end":{"line":1345,"column":1}}]},"39":{"type":"branch","loc":{"start":{"line":1347,"column":0},"end":{"line":1360,"column":1}},"locations":[{"start":{"line":1347,"column":0},"end":{"line":1360,"column":1}}]},"40":{"type":"branch","loc":{"start":{"line":1384,"column":0},"end":{"line":1387,"column":1}},"locations":[{"start":{"line":1384,"column":0},"end":{"line":1387,"column":1}}]},"41":{"type":"branch","loc":{"start":{"line":1389,"column":0},"end":{"line":1398,"column":1}},"locations":[{"start":{"line":1389,"column":0},"end":{"line":1398,"column":1}}]},"42":{"type":"branch","loc":{"start":{"line":1400,"column":0},"end":{"line":1409,"column":1}},"locations":[{"start":{"line":1400,"column":0},"end":{"line":1409,"column":1}}]},"43":{"type":"branch","loc":{"start":{"line":1411,"column":0},"end":{"line":1421,"column":1}},"locations":[{"start":{"line":1411,"column":0},"end":{"line":1421,"column":1}}]},"44":{"type":"branch","loc":{"start":{"line":1423,"column":0},"end":{"line":1432,"column":1}},"locations":[{"start":{"line":1423,"column":0},"end":{"line":1432,"column":1}}]},"45":{"type":"branch","loc":{"start":{"line":1434,"column":0},"end":{"line":1449,"column":1}},"locations":[{"start":{"line":1434,"column":0},"end":{"line":1449,"column":1}}]},"46":{"type":"branch","loc":{"start":{"line":1474,"column":0},"end":{"line":1477,"column":1}},"locations":[{"start":{"line":1474,"column":0},"end":{"line":1477,"column":1}}]},"47":{"type":"branch","loc":{"start":{"line":1479,"column":0},"end":{"line":1488,"column":1}},"locations":[{"start":{"line":1479,"column":0},"end":{"line":1488,"column":1}}]},"48":{"type":"branch","loc":{"start":{"line":1490,"column":0},"end":{"line":1499,"column":1}},"locations":[{"start":{"line":1490,"column":0},"end":{"line":1499,"column":1}}]},"49":{"type":"branch","loc":{"start":{"line":1501,"column":0},"end":{"line":1511,"column":1}},"locations":[{"start":{"line":1501,"column":0},"end":{"line":1511,"column":1}}]},"50":{"type":"branch","loc":{"start":{"line":1513,"column":0},"end":{"line":1522,"column":1}},"locations":[{"start":{"line":1513,"column":0},"end":{"line":1522,"column":1}}]},"51":{"type":"branch","loc":{"start":{"line":1524,"column":0},"end":{"line":1539,"column":1}},"locations":[{"start":{"line":1524,"column":0},"end":{"line":1539,"column":1}}]},"52":{"type":"branch","loc":{"start":{"line":1562,"column":0},"end":{"line":1564,"column":1}},"locations":[{"start":{"line":1562,"column":0},"end":{"line":1564,"column":1}}]},"53":{"type":"branch","loc":{"start":{"line":1776,"column":3667},"end":{"line":1776,"column":4213}},"locations":[{"start":{"line":1776,"column":3667},"end":{"line":1776,"column":4213}}]},"54":{"type":"branch","loc":{"start":{"line":1776,"column":4267},"end":{"line":1776,"column":4352}},"locations":[{"start":{"line":1776,"column":4267},"end":{"line":1776,"column":4352}}]},"55":{"type":"branch","loc":{"start":{"line":1830,"column":44},"end":{"line":1830,"column":257}},"locations":[{"start":{"line":1830,"column":44},"end":{"line":1830,"column":257}}]},"56":{"type":"branch","loc":{"start":{"line":1830,"column":409},"end":{"line":1830,"column":485}},"locations":[{"start":{"line":1830,"column":409},"end":{"line":1830,"column":485}}]},"57":{"type":"branch","loc":{"start":{"line":1830,"column":880},"end":{"line":1830,"column":1389}},"locations":[{"start":{"line":1830,"column":880},"end":{"line":1830,"column":1389}}]},"58":{"type":"branch","loc":{"start":{"line":1830,"column":1491},"end":{"line":1830,"column":1699}},"locations":[{"start":{"line":1830,"column":1491},"end":{"line":1830,"column":1699}}]},"59":{"type":"branch","loc":{"start":{"line":1830,"column":1798},"end":{"line":1830,"column":1885}},"locations":[{"start":{"line":1830,"column":1798},"end":{"line":1830,"column":1885}}]},"60":{"type":"branch","loc":{"start":{"line":1834,"column":0},"end":{"line":1837,"column":1}},"locations":[{"start":{"line":1834,"column":0},"end":{"line":1837,"column":1}}]},"61":{"type":"branch","loc":{"start":{"line":1839,"column":0},"end":{"line":1844,"column":1}},"locations":[{"start":{"line":1839,"column":0},"end":{"line":1844,"column":1}}]},"62":{"type":"branch","loc":{"start":{"line":1846,"column":0},"end":{"line":1848,"column":1}},"locations":[{"start":{"line":1846,"column":0},"end":{"line":1848,"column":1}}]},"63":{"type":"branch","loc":{"start":{"line":1850,"column":0},"end":{"line":1853,"column":1}},"locations":[{"start":{"line":1850,"column":0},"end":{"line":1853,"column":1}}]},"64":{"type":"branch","loc":{"start":{"line":1855,"column":0},"end":{"line":1860,"column":1}},"locations":[{"start":{"line":1855,"column":0},"end":{"line":1860,"column":1}}]},"65":{"type":"branch","loc":{"start":{"line":1868,"column":0},"end":{"line":1870,"column":1}},"locations":[{"start":{"line":1868,"column":0},"end":{"line":1870,"column":1}}]},"66":{"type":"branch","loc":{"start":{"line":1872,"column":0},"end":{"line":1875,"column":1}},"locations":[{"start":{"line":1872,"column":0},"end":{"line":1875,"column":1}}]},"67":{"type":"branch","loc":{"start":{"line":1877,"column":0},"end":{"line":1879,"column":1}},"locations":[{"start":{"line":1877,"column":0},"end":{"line":1879,"column":1}}]},"68":{"type":"branch","loc":{"start":{"line":1891,"column":0},"end":{"line":1893,"column":1}},"locations":[{"start":{"line":1891,"column":0},"end":{"line":1893,"column":1}}]},"69":{"type":"branch","loc":{"start":{"line":1895,"column":0},"end":{"line":1897,"column":1}},"locations":[{"start":{"line":1895,"column":0},"end":{"line":1897,"column":1}}]},"70":{"type":"branch","loc":{"start":{"line":1899,"column":0},"end":{"line":1901,"column":1}},"locations":[{"start":{"line":1899,"column":0},"end":{"line":1901,"column":1}}]},"71":{"type":"branch","loc":{"start":{"line":1902,"column":0},"end":{"line":1902,"column":89}},"locations":[{"start":{"line":1902,"column":0},"end":{"line":1902,"column":89}}]},"72":{"type":"branch","loc":{"start":{"line":1902,"column":733},"end":{"line":1902,"column":817}},"locations":[{"start":{"line":1902,"column":733},"end":{"line":1902,"column":817}}]}},"b":{"0":[1],"1":[1],"2":[1],"3":[1],"4":[1],"5":[1],"6":[1],"7":[1],"8":[1],"9":[1],"10":[1],"11":[1],"12":[1],"13":[1],"14":[1],"15":[1],"16":[1],"17":[1],"18":[1],"19":[1],"20":[1],"21":[1],"22":[1],"23":[1],"24":[1],"25":[1],"26":[1],"27":[1],"28":[1],"29":[1],"30":[1],"31":[1],"32":[1],"33":[1],"34":[1],"35":[1],"36":[1],"37":[1],"38":[1],"39":[1],"40":[1],"41":[1],"42":[1],"43":[1],"44":[1],"45":[1],"46":[1],"47":[1],"48":[1],"49":[1],"50":[1],"51":[1],"52":[1],"53":[1],"54":[1],"55":[1],"56":[1],"57":[1],"58":[1],"59":[1],"60":[1],"61":[1],"62":[1],"63":[1],"64":[1],"65":[1],"66":[1],"67":[1],"68":[1],"69":[1],"70":[1],"71":[1],"72":[1]},"fnMap":{},"f":{},"originalUrl":"https://static.sit1.vcilabs.com/s3/rsp/1.0.33.2799/EQF/Framework/Desktop/Css/desktopUpgraded.css"}}